<?xml version="1.0" encoding="UTF-8"?>
<!-- Generated by org.testng.reporters.JUnitXMLReporter -->
<testsuite ignored="0" hostname="DESKTOP-MGVC6GB" failures="1" tests="1" name="edgeTest(failed)(failed)" time="19.413" errors="0" timestamp="2022-02-17T21:35:11 IST">
  <testcase classname="com.sauceDemo.TestCLasses.TC03VerifyAddtoCartFunctionality" name="verifyAddtocart" time="3.015">
    <failure type="java.lang.AssertionError" message="expected [true] but found [false]">
      <![CDATA[java.lang.AssertionError: expected [true] but found [false]
at com.sauceDemo.TestCLasses.TC03VerifyAddtoCartFunctionality.verifyAddtocart(TC03VerifyAddtoCartFunctionality.java:23)
at java.base/java.util.ArrayList.forEach(ArrayList.java:1511)
... Removed 31 stack frames]]>
    </failure>
  </testcase> <!-- verifyAddtocart -->
</testsuite> <!-- edgeTest(failed)(failed) -->
