<!DOCTYPE html PUBLIC "-//W3C//DTD XHTML 1.1//EN" "https://www.w3.org/TR/xhtml11/DTD/xhtml11.dtd">
<html xmlns="https://www.w3.org/1999/xhtml">
<head>
<meta http-equiv="content-type" content="text/html; charset=UTF-8"/>
<title>TestNG Report</title>
<style type="text/css">table {margin-bottom:10px;border-collapse:collapse;empty-cells:show}th,td {border:1px solid #009;padding:.25em .5em}th {vertical-align:bottom}td {vertical-align:top}table a {font-weight:bold}.stripe td {background-color: #E6EBF9}.num {text-align:right}.passedodd td {background-color: #3F3}.passedeven td {background-color: #0A0}.skippedodd td {background-color: #DDD}.skippedeven td {background-color: #CCC}.failedodd td,.attn {background-color: #F33}.failedeven td,.stripe .attn {background-color: #D00}.stacktrace {white-space:pre;font-family:monospace}.totop {font-size:85%;text-align:center;border-bottom:2px solid #000}.invisible {display:none}</style>
</head>
<body>
<table>
<tr><th>Test</th><th># Passed</th><th># Skipped</th><th># Retried</th><th># Failed</th><th>Time (ms)</th><th>Included Groups</th><th>Excluded Groups</th></tr>
<tr><th colspan="8">Suite</th></tr>
<tr><td><a href="#t0">chromeTest</a></td><td class="num">2</td><td class="num">0</td><td class="num">0</td><td class="num attn">1</td><td class="num">51,910</td><td></td><td></td></tr>
<tr class="stripe"><td><a href="#t1">edgeTest</a></td><td class="num">0</td><td class="num attn">3</td><td class="num">0</td><td class="num">0</td><td class="num">52,966</td><td></td><td></td></tr>
<tr><th>Total</th><th class="num">2</th><th class="num attn">3</th><th class="num">0</th><th class="num attn">1</th><th class="num">104,876</th><th colspan="2"></th></tr>
</table>
<table id='summary'><thead><tr><th>Class</th><th>Method</th><th>Start</th><th>Time (ms)</th></tr></thead><tbody><tr><th colspan="4">Suite</th></tr></tbody><tbody id="t0"><tr><th colspan="4">chromeTest &#8212; failed (configuration methods)</th></tr><tr class="failedeven"><td rowspan="1">com.sauceDemo.TestCLasses.TC01VerifyLoginFunctioanlity</td><td><a href="#m0">logoutMethod</a></td><td rowspan="1">1650027786680</td><td rowspan="1">831</td></tr><tr class="failedodd"><td rowspan="1">com.sauceDemo.TestCLasses.TC02VerifyLogoutFunctionality</td><td><a href="#m1">logoutMethod</a></td><td rowspan="1">1650027799187</td><td rowspan="1">925</td></tr><tr><th colspan="4">chromeTest &#8212; failed</th></tr><tr class="failedeven"><td rowspan="1">com.sauceDemo.TestCLasses.TC03VerifyAddtoCartFunctionality</td><td><a href="#m2">verifyAddtocart</a></td><td rowspan="1">1650027814077</td><td rowspan="1">4815</td></tr><tr><th colspan="4">chromeTest &#8212; passed</th></tr><tr class="passedeven"><td rowspan="1">com.sauceDemo.TestCLasses.TC01VerifyLoginFunctioanlity</td><td><a href="#m3">checktitle</a></td><td rowspan="1">1650027786599</td><td rowspan="1">75</td></tr><tr class="passedodd"><td rowspan="1">com.sauceDemo.TestCLasses.TC02VerifyLogoutFunctionality</td><td><a href="#m4">Verifylogout</a></td><td rowspan="1">1650027799180</td><td rowspan="1">2</td></tr></tbody>
<tbody id="t1"><tr><th colspan="4">edgeTest &#8212; failed (configuration methods)</th></tr><tr class="failedeven"><td rowspan="1">com.sauceDemo.TestCLasses.TC01VerifyLoginFunctioanlity</td><td><a href="#m5">setupUpMethod</a></td><td rowspan="1">1650027821680</td><td rowspan="1">35211</td></tr><tr class="failedodd"><td rowspan="1">com.sauceDemo.TestCLasses.TC02VerifyLogoutFunctionality</td><td><a href="#m6">setupUpMethod</a></td><td rowspan="1">1650027857018</td><td rowspan="1">10268</td></tr><tr class="failedeven"><td rowspan="1">com.sauceDemo.TestCLasses.TC03VerifyAddtoCartFunctionality</td><td><a href="#m7">setupUpMethod</a></td><td rowspan="1">1650027867439</td><td rowspan="1">7130</td></tr><tr><th colspan="4">edgeTest &#8212; skipped (configuration methods)</th></tr><tr class="skippedeven"><td rowspan="1">com.sauceDemo.TestCLasses.TC01VerifyLoginFunctioanlity</td><td><a href="#m8">logoutMethod</a></td><td rowspan="1">1650027857004</td><td rowspan="1">-1650027857004</td></tr><tr class="skippedodd"><td rowspan="1">com.sauceDemo.TestCLasses.TC02VerifyLogoutFunctionality</td><td><a href="#m9">logoutMethod</a></td><td rowspan="1">1650027867416</td><td rowspan="1">-1650027867416</td></tr><tr class="skippedeven"><td rowspan="1">com.sauceDemo.TestCLasses.TC03VerifyAddtoCartFunctionality</td><td><a href="#m10">logoutMethod</a></td><td rowspan="1">1650027874622</td><td rowspan="1">-1650027874622</td></tr><tr><th colspan="4">edgeTest &#8212; skipped</th></tr><tr class="skippedeven"><td rowspan="1">com.sauceDemo.TestCLasses.TC01VerifyLoginFunctioanlity</td><td><a href="#m11">checktitle</a></td><td rowspan="1">1650027856912</td><td rowspan="1">0</td></tr><tr class="skippedodd"><td rowspan="1">com.sauceDemo.TestCLasses.TC02VerifyLogoutFunctionality</td><td><a href="#m12">Verifylogout</a></td><td rowspan="1">1650027867367</td><td rowspan="1">0</td></tr><tr class="skippedeven"><td rowspan="1">com.sauceDemo.TestCLasses.TC03VerifyAddtoCartFunctionality</td><td><a href="#m13">verifyAddtocart</a></td><td rowspan="1">1650027874613</td><td rowspan="1">0</td></tr></tbody>
</table>
<h2>chromeTest</h2><h3 id="m0">com.sauceDemo.TestCLasses.TC01VerifyLoginFunctioanlity#logoutMethod</h3><table class="result"><tr><th>Exception</th></tr><tr><td><div class="stacktrace">org.openqa.selenium.ElementNotInteractableException: element not interactable
  (Session info: chrome=100.0.4896.88)
Build info: version: &apos;3.14.0&apos;, revision: &apos;aacccce0&apos;, time: &apos;2018-08-02T20:19:58.91Z&apos;
System info: host: &apos;DESKTOP-MGVC6GB&apos;, ip: &apos;192.168.0.175&apos;, os.name: &apos;Windows 10&apos;, os.arch: &apos;amd64&apos;, os.version: &apos;10.0&apos;, java.version: &apos;17&apos;
Driver info: org.openqa.selenium.chrome.ChromeDriver
Capabilities {acceptInsecureCerts: false, browserName: chrome, browserVersion: 100.0.4896.88, chrome: {chromedriverVersion: 100.0.4896.60 (6a5d10861ce8..., userDataDir: C:\Users\DELL\AppData\Local...}, goog:chromeOptions: {debuggerAddress: localhost:53870}, javascriptEnabled: true, networkConnectionEnabled: false, pageLoadStrategy: normal, platform: WINDOWS, platformName: WINDOWS, proxy: Proxy(), setWindowRect: true, strictFileInteractability: false, timeouts: {implicit: 0, pageLoad: 300000, script: 30000}, unhandledPromptBehavior: dismiss and notify, webauthn:extension:credBlob: true, webauthn:extension:largeBlob: true, webauthn:virtualAuthenticators: true}
Session ID: 3985eb27150bd6b3c8f1e83dddbae621
	at org.openqa.selenium.remote.http.W3CHttpResponseCodec.createException(W3CHttpResponseCodec.java:187)
	at org.openqa.selenium.remote.http.W3CHttpResponseCodec.decode(W3CHttpResponseCodec.java:122)
	at org.openqa.selenium.remote.http.W3CHttpResponseCodec.decode(W3CHttpResponseCodec.java:49)
	at org.openqa.selenium.remote.HttpCommandExecutor.execute(HttpCommandExecutor.java:158)
	at org.openqa.selenium.remote.service.DriverCommandExecutor.execute(DriverCommandExecutor.java:83)
	at org.openqa.selenium.remote.RemoteWebDriver.execute(RemoteWebDriver.java:548)
	at org.openqa.selenium.remote.RemoteWebElement.execute(RemoteWebElement.java:276)
	at org.openqa.selenium.remote.RemoteWebElement.click(RemoteWebElement.java:83)
	at org.openqa.selenium.support.pagefactory.internal.LocatingElementHandler.invoke(LocatingElementHandler.java:51)
	at jdk.proxy2/jdk.proxy2.$Proxy13.click(Unknown Source)
	at com.sauceDemo.POMClasses.HomePageClass.clickLogoutButton(HomePageClass.java:32)
	at com.sauceDemo.TestCLasses.BaseClass.logoutMethod(BaseClass.java:77)
	at java.base/java.util.ArrayList.forEach(ArrayList.java:1511)
... Removed 41 stack frames</div></td></tr></table><p class="totop"><a href="#summary">back to summary</a></p>
<h3 id="m1">com.sauceDemo.TestCLasses.TC02VerifyLogoutFunctionality#logoutMethod</h3><table class="result"><tr><th>Exception</th></tr><tr><td><div class="stacktrace">org.openqa.selenium.ElementNotInteractableException: element not interactable
  (Session info: chrome=100.0.4896.88)
Build info: version: &apos;3.14.0&apos;, revision: &apos;aacccce0&apos;, time: &apos;2018-08-02T20:19:58.91Z&apos;
System info: host: &apos;DESKTOP-MGVC6GB&apos;, ip: &apos;192.168.0.175&apos;, os.name: &apos;Windows 10&apos;, os.arch: &apos;amd64&apos;, os.version: &apos;10.0&apos;, java.version: &apos;17&apos;
Driver info: org.openqa.selenium.chrome.ChromeDriver
Capabilities {acceptInsecureCerts: false, browserName: chrome, browserVersion: 100.0.4896.88, chrome: {chromedriverVersion: 100.0.4896.60 (6a5d10861ce8..., userDataDir: C:\Users\DELL\AppData\Local...}, goog:chromeOptions: {debuggerAddress: localhost:53894}, javascriptEnabled: true, networkConnectionEnabled: false, pageLoadStrategy: normal, platform: WINDOWS, platformName: WINDOWS, proxy: Proxy(), setWindowRect: true, strictFileInteractability: false, timeouts: {implicit: 0, pageLoad: 300000, script: 30000}, unhandledPromptBehavior: dismiss and notify, webauthn:extension:credBlob: true, webauthn:extension:largeBlob: true, webauthn:virtualAuthenticators: true}
Session ID: f66a25e974a4daa47c9abc77f05b9902
	at org.openqa.selenium.remote.http.W3CHttpResponseCodec.createException(W3CHttpResponseCodec.java:187)
	at org.openqa.selenium.remote.http.W3CHttpResponseCodec.decode(W3CHttpResponseCodec.java:122)
	at org.openqa.selenium.remote.http.W3CHttpResponseCodec.decode(W3CHttpResponseCodec.java:49)
	at org.openqa.selenium.remote.HttpCommandExecutor.execute(HttpCommandExecutor.java:158)
	at org.openqa.selenium.remote.service.DriverCommandExecutor.execute(DriverCommandExecutor.java:83)
	at org.openqa.selenium.remote.RemoteWebDriver.execute(RemoteWebDriver.java:548)
	at org.openqa.selenium.remote.RemoteWebElement.execute(RemoteWebElement.java:276)
	at org.openqa.selenium.remote.RemoteWebElement.click(RemoteWebElement.java:83)
	at org.openqa.selenium.support.pagefactory.internal.LocatingElementHandler.invoke(LocatingElementHandler.java:51)
	at jdk.proxy2/jdk.proxy2.$Proxy13.click(Unknown Source)
	at com.sauceDemo.POMClasses.HomePageClass.clickLogoutButton(HomePageClass.java:32)
	at com.sauceDemo.TestCLasses.BaseClass.logoutMethod(BaseClass.java:77)
	at java.base/java.util.ArrayList.forEach(ArrayList.java:1511)
... Removed 41 stack frames</div></td></tr></table><p class="totop"><a href="#summary">back to summary</a></p>
<h3 id="m2">com.sauceDemo.TestCLasses.TC03VerifyAddtoCartFunctionality#verifyAddtocart</h3><table class="result"><tr><th>Exception</th></tr><tr><td><div class="stacktrace">java.lang.AssertionError: expected [true] but found [false]
	at com.sauceDemo.TestCLasses.TC03VerifyAddtoCartFunctionality.verifyAddtocart(TC03VerifyAddtoCartFunctionality.java:23)
	at java.base/java.util.ArrayList.forEach(ArrayList.java:1511)
... Removed 31 stack frames</div></td></tr></table><p class="totop"><a href="#summary">back to summary</a></p>
<h3 id="m3">com.sauceDemo.TestCLasses.TC01VerifyLoginFunctioanlity#checktitle</h3><table class="result"><tr><th class="invisible"/></tr></table><p class="totop"><a href="#summary">back to summary</a></p>
<h3 id="m4">com.sauceDemo.TestCLasses.TC02VerifyLogoutFunctionality#Verifylogout</h3><table class="result"><tr><th class="invisible"/></tr></table><p class="totop"><a href="#summary">back to summary</a></p>
<h2>edgeTest</h2><h3 id="m5">com.sauceDemo.TestCLasses.TC01VerifyLoginFunctioanlity#setupUpMethod</h3><table class="result"><tr class="param"><th>Parameter #1</th></tr><tr class="param stripe"><td>edge</td></tr><tr><th>Exception</th></tr><tr><td><div class="stacktrace">org.openqa.selenium.SessionNotCreatedException: session not created: This version of MSEdgeDriver only supports MSEdge version 98
Current browser version is 100.0.1185.39 with binary path C:\Program Files (x86)\Microsoft\Edge\Application\msedge.exe
Build info: version: &apos;3.14.0&apos;, revision: &apos;aacccce0&apos;, time: &apos;2018-08-02T20:19:58.91Z&apos;
System info: host: &apos;DESKTOP-MGVC6GB&apos;, ip: &apos;192.168.0.175&apos;, os.name: &apos;Windows 10&apos;, os.arch: &apos;amd64&apos;, os.version: &apos;10.0&apos;, java.version: &apos;17&apos;
Driver info: driver.version: EdgeDriver
remote stacktrace: Backtrace:
	Microsoft::Applications::Events::EventProperties::unpack [0x00007FF7CEE93A82+22610]
	Microsoft::Applications::Events::time_ticks_t::time_ticks_t [0x00007FF7CEDD2352+503810]
	Ordinal0 [0x00007FF7CE8D0FA5+659365]
	Ordinal0 [0x00007FF7CE8FBB1C+834332]
	Ordinal0 [0x00007FF7CE8F70FA+815354]
	Ordinal0 [0x00007FF7CE8F2A72+797298]
	Ordinal0 [0x00007FF7CE92C726+1034022]
	Ordinal0 [0x00007FF7CE926E53+1011283]
	Ordinal0 [0x00007FF7CE8FE0C7+843975]
	Ordinal0 [0x00007FF7CE8FF598+849304]
	Microsoft::Applications::Events::EventProperty::to_string [0x00007FF7CEA991B8+848488]
	Microsoft::Applications::Events::EventProperty::EventProperty [0x00007FF7CEB8B17D+39117]
	Microsoft::Applications::Events::EventProperty::EventProperty [0x00007FF7CEB8E3F2+52034]
	Microsoft::Applications::Events::EventProperty::to_string [0x00007FF7CE9D0D56+28166]
	Microsoft::Applications::Events::time_ticks_t::time_ticks_t [0x00007FF7CEDD8FE1+531601]
	Microsoft::Applications::Events::time_ticks_t::time_ticks_t [0x00007FF7CEDDE4C4+553332]
	Microsoft::Applications::Events::time_ticks_t::time_ticks_t [0x00007FF7CEDDE655+553733]
	Microsoft::Applications::Events::EventProperty::to_string [0x00007FF7CEAA6C40+904432]
	BaseThreadInitThunk [0x00007FFA66FA7C24+20]
	RtlUserThreadStart [0x00007FFA671AD721+33]

	at org.openqa.selenium.remote.W3CHandshakeResponse.lambda$new$0(W3CHandshakeResponse.java:57)
	at org.openqa.selenium.remote.W3CHandshakeResponse.lambda$getResponseFunction$2(W3CHandshakeResponse.java:104)
	at org.openqa.selenium.remote.ProtocolHandshake.lambda$createSession$0(ProtocolHandshake.java:122)
	at java.base/java.util.stream.ReferencePipeline$3$1.accept(ReferencePipeline.java:197)
	at java.base/java.util.Spliterators$ArraySpliterator.tryAdvance(Spliterators.java:1002)
	at java.base/java.util.stream.ReferencePipeline.forEachWithCancel(ReferencePipeline.java:129)
	at java.base/java.util.stream.AbstractPipeline.copyIntoWithCancel(AbstractPipeline.java:527)
	at java.base/java.util.stream.AbstractPipeline.copyInto(AbstractPipeline.java:513)
	at java.base/java.util.stream.AbstractPipeline.wrapAndCopyInto(AbstractPipeline.java:499)
	at java.base/java.util.stream.FindOps$FindOp.evaluateSequential(FindOps.java:150)
	at java.base/java.util.stream.AbstractPipeline.evaluate(AbstractPipeline.java:234)
	at java.base/java.util.stream.ReferencePipeline.findFirst(ReferencePipeline.java:647)
	at org.openqa.selenium.remote.ProtocolHandshake.createSession(ProtocolHandshake.java:125)
	at org.openqa.selenium.remote.ProtocolHandshake.createSession(ProtocolHandshake.java:73)
	at org.openqa.selenium.remote.HttpCommandExecutor.execute(HttpCommandExecutor.java:136)
	at org.openqa.selenium.remote.service.DriverCommandExecutor.execute(DriverCommandExecutor.java:83)
	at org.openqa.selenium.remote.RemoteWebDriver.execute(RemoteWebDriver.java:548)
	at org.openqa.selenium.remote.RemoteWebDriver.startSession(RemoteWebDriver.java:212)
	at org.openqa.selenium.remote.RemoteWebDriver.&lt;init&gt;(RemoteWebDriver.java:130)
	at org.openqa.selenium.edge.EdgeDriver.&lt;init&gt;(EdgeDriver.java:141)
	at org.openqa.selenium.edge.EdgeDriver.&lt;init&gt;(EdgeDriver.java:96)
	at com.sauceDemo.TestCLasses.BaseClass.setupUpMethod(BaseClass.java:41)
	at java.base/java.util.ArrayList.forEach(ArrayList.java:1511)
... Removed 36 stack frames</div></td></tr></table><p class="totop"><a href="#summary">back to summary</a></p>
<h3 id="m6">com.sauceDemo.TestCLasses.TC02VerifyLogoutFunctionality#setupUpMethod</h3><table class="result"><tr class="param"><th>Parameter #1</th></tr><tr class="param stripe"><td>edge</td></tr><tr><th>Exception</th></tr><tr><td><div class="stacktrace">org.openqa.selenium.SessionNotCreatedException: session not created: This version of MSEdgeDriver only supports MSEdge version 98
Current browser version is 100.0.1185.39 with binary path C:\Program Files (x86)\Microsoft\Edge\Application\msedge.exe
Build info: version: &apos;3.14.0&apos;, revision: &apos;aacccce0&apos;, time: &apos;2018-08-02T20:19:58.91Z&apos;
System info: host: &apos;DESKTOP-MGVC6GB&apos;, ip: &apos;192.168.0.175&apos;, os.name: &apos;Windows 10&apos;, os.arch: &apos;amd64&apos;, os.version: &apos;10.0&apos;, java.version: &apos;17&apos;
Driver info: driver.version: EdgeDriver
remote stacktrace: Backtrace:
	Microsoft::Applications::Events::EventProperties::unpack [0x00007FF7CEE93A82+22610]
	Microsoft::Applications::Events::time_ticks_t::time_ticks_t [0x00007FF7CEDD2352+503810]
	Ordinal0 [0x00007FF7CE8D0FA5+659365]
	Ordinal0 [0x00007FF7CE8FBB1C+834332]
	Ordinal0 [0x00007FF7CE8F70FA+815354]
	Ordinal0 [0x00007FF7CE8F2A72+797298]
	Ordinal0 [0x00007FF7CE92C726+1034022]
	Ordinal0 [0x00007FF7CE926E53+1011283]
	Ordinal0 [0x00007FF7CE8FE0C7+843975]
	Ordinal0 [0x00007FF7CE8FF598+849304]
	Microsoft::Applications::Events::EventProperty::to_string [0x00007FF7CEA991B8+848488]
	Microsoft::Applications::Events::EventProperty::EventProperty [0x00007FF7CEB8B17D+39117]
	Microsoft::Applications::Events::EventProperty::EventProperty [0x00007FF7CEB8E3F2+52034]
	Microsoft::Applications::Events::EventProperty::to_string [0x00007FF7CE9D0D56+28166]
	Microsoft::Applications::Events::time_ticks_t::time_ticks_t [0x00007FF7CEDD8FE1+531601]
	Microsoft::Applications::Events::time_ticks_t::time_ticks_t [0x00007FF7CEDDE4C4+553332]
	Microsoft::Applications::Events::time_ticks_t::time_ticks_t [0x00007FF7CEDDE655+553733]
	Microsoft::Applications::Events::EventProperty::to_string [0x00007FF7CEAA6C40+904432]
	BaseThreadInitThunk [0x00007FFA66FA7C24+20]
	RtlUserThreadStart [0x00007FFA671AD721+33]

	at org.openqa.selenium.remote.W3CHandshakeResponse.lambda$new$0(W3CHandshakeResponse.java:57)
	at org.openqa.selenium.remote.W3CHandshakeResponse.lambda$getResponseFunction$2(W3CHandshakeResponse.java:104)
	at org.openqa.selenium.remote.ProtocolHandshake.lambda$createSession$0(ProtocolHandshake.java:122)
	at java.base/java.util.stream.ReferencePipeline$3$1.accept(ReferencePipeline.java:197)
	at java.base/java.util.Spliterators$ArraySpliterator.tryAdvance(Spliterators.java:1002)
	at java.base/java.util.stream.ReferencePipeline.forEachWithCancel(ReferencePipeline.java:129)
	at java.base/java.util.stream.AbstractPipeline.copyIntoWithCancel(AbstractPipeline.java:527)
	at java.base/java.util.stream.AbstractPipeline.copyInto(AbstractPipeline.java:513)
	at java.base/java.util.stream.AbstractPipeline.wrapAndCopyInto(AbstractPipeline.java:499)
	at java.base/java.util.stream.FindOps$FindOp.evaluateSequential(FindOps.java:150)
	at java.base/java.util.stream.AbstractPipeline.evaluate(AbstractPipeline.java:234)
	at java.base/java.util.stream.ReferencePipeline.findFirst(ReferencePipeline.java:647)
	at org.openqa.selenium.remote.ProtocolHandshake.createSession(ProtocolHandshake.java:125)
	at org.openqa.selenium.remote.ProtocolHandshake.createSession(ProtocolHandshake.java:73)
	at org.openqa.selenium.remote.HttpCommandExecutor.execute(HttpCommandExecutor.java:136)
	at org.openqa.selenium.remote.service.DriverCommandExecutor.execute(DriverCommandExecutor.java:83)
	at org.openqa.selenium.remote.RemoteWebDriver.execute(RemoteWebDriver.java:548)
	at org.openqa.selenium.remote.RemoteWebDriver.startSession(RemoteWebDriver.java:212)
	at org.openqa.selenium.remote.RemoteWebDriver.&lt;init&gt;(RemoteWebDriver.java:130)
	at org.openqa.selenium.edge.EdgeDriver.&lt;init&gt;(EdgeDriver.java:141)
	at org.openqa.selenium.edge.EdgeDriver.&lt;init&gt;(EdgeDriver.java:96)
	at com.sauceDemo.TestCLasses.BaseClass.setupUpMethod(BaseClass.java:41)
	at java.base/java.util.ArrayList.forEach(ArrayList.java:1511)
... Removed 36 stack frames</div></td></tr></table><p class="totop"><a href="#summary">back to summary</a></p>
<h3 id="m7">com.sauceDemo.TestCLasses.TC03VerifyAddtoCartFunctionality#setupUpMethod</h3><table class="result"><tr class="param"><th>Parameter #1</th></tr><tr class="param stripe"><td>edge</td></tr><tr><th>Exception</th></tr><tr><td><div class="stacktrace">org.openqa.selenium.SessionNotCreatedException: session not created: This version of MSEdgeDriver only supports MSEdge version 98
Current browser version is 100.0.1185.39 with binary path C:\Program Files (x86)\Microsoft\Edge\Application\msedge.exe
Build info: version: &apos;3.14.0&apos;, revision: &apos;aacccce0&apos;, time: &apos;2018-08-02T20:19:58.91Z&apos;
System info: host: &apos;DESKTOP-MGVC6GB&apos;, ip: &apos;192.168.0.175&apos;, os.name: &apos;Windows 10&apos;, os.arch: &apos;amd64&apos;, os.version: &apos;10.0&apos;, java.version: &apos;17&apos;
Driver info: driver.version: EdgeDriver
remote stacktrace: Backtrace:
	Microsoft::Applications::Events::EventProperties::unpack [0x00007FF7CEE93A82+22610]
	Microsoft::Applications::Events::time_ticks_t::time_ticks_t [0x00007FF7CEDD2352+503810]
	Ordinal0 [0x00007FF7CE8D0FA5+659365]
	Ordinal0 [0x00007FF7CE8FBB1C+834332]
	Ordinal0 [0x00007FF7CE8F70FA+815354]
	Ordinal0 [0x00007FF7CE8F2A72+797298]
	Ordinal0 [0x00007FF7CE92C726+1034022]
	Ordinal0 [0x00007FF7CE926E53+1011283]
	Ordinal0 [0x00007FF7CE8FE0C7+843975]
	Ordinal0 [0x00007FF7CE8FF598+849304]
	Microsoft::Applications::Events::EventProperty::to_string [0x00007FF7CEA991B8+848488]
	Microsoft::Applications::Events::EventProperty::EventProperty [0x00007FF7CEB8B17D+39117]
	Microsoft::Applications::Events::EventProperty::EventProperty [0x00007FF7CEB8E3F2+52034]
	Microsoft::Applications::Events::EventProperty::to_string [0x00007FF7CE9D0D56+28166]
	Microsoft::Applications::Events::time_ticks_t::time_ticks_t [0x00007FF7CEDD8FE1+531601]
	Microsoft::Applications::Events::time_ticks_t::time_ticks_t [0x00007FF7CEDDE4C4+553332]
	Microsoft::Applications::Events::time_ticks_t::time_ticks_t [0x00007FF7CEDDE655+553733]
	Microsoft::Applications::Events::EventProperty::to_string [0x00007FF7CEAA6C40+904432]
	BaseThreadInitThunk [0x00007FFA66FA7C24+20]
	RtlUserThreadStart [0x00007FFA671AD721+33]

	at org.openqa.selenium.remote.W3CHandshakeResponse.lambda$new$0(W3CHandshakeResponse.java:57)
	at org.openqa.selenium.remote.W3CHandshakeResponse.lambda$getResponseFunction$2(W3CHandshakeResponse.java:104)
	at org.openqa.selenium.remote.ProtocolHandshake.lambda$createSession$0(ProtocolHandshake.java:122)
	at java.base/java.util.stream.ReferencePipeline$3$1.accept(ReferencePipeline.java:197)
	at java.base/java.util.Spliterators$ArraySpliterator.tryAdvance(Spliterators.java:1002)
	at java.base/java.util.stream.ReferencePipeline.forEachWithCancel(ReferencePipeline.java:129)
	at java.base/java.util.stream.AbstractPipeline.copyIntoWithCancel(AbstractPipeline.java:527)
	at java.base/java.util.stream.AbstractPipeline.copyInto(AbstractPipeline.java:513)
	at java.base/java.util.stream.AbstractPipeline.wrapAndCopyInto(AbstractPipeline.java:499)
	at java.base/java.util.stream.FindOps$FindOp.evaluateSequential(FindOps.java:150)
	at java.base/java.util.stream.AbstractPipeline.evaluate(AbstractPipeline.java:234)
	at java.base/java.util.stream.ReferencePipeline.findFirst(ReferencePipeline.java:647)
	at org.openqa.selenium.remote.ProtocolHandshake.createSession(ProtocolHandshake.java:125)
	at org.openqa.selenium.remote.ProtocolHandshake.createSession(ProtocolHandshake.java:73)
	at org.openqa.selenium.remote.HttpCommandExecutor.execute(HttpCommandExecutor.java:136)
	at org.openqa.selenium.remote.service.DriverCommandExecutor.execute(DriverCommandExecutor.java:83)
	at org.openqa.selenium.remote.RemoteWebDriver.execute(RemoteWebDriver.java:548)
	at org.openqa.selenium.remote.RemoteWebDriver.startSession(RemoteWebDriver.java:212)
	at org.openqa.selenium.remote.RemoteWebDriver.&lt;init&gt;(RemoteWebDriver.java:130)
	at org.openqa.selenium.edge.EdgeDriver.&lt;init&gt;(EdgeDriver.java:141)
	at org.openqa.selenium.edge.EdgeDriver.&lt;init&gt;(EdgeDriver.java:96)
	at com.sauceDemo.TestCLasses.BaseClass.setupUpMethod(BaseClass.java:41)
	at java.base/java.util.ArrayList.forEach(ArrayList.java:1511)
... Removed 36 stack frames</div></td></tr></table><p class="totop"><a href="#summary">back to summary</a></p>
<h3 id="m8">com.sauceDemo.TestCLasses.TC01VerifyLoginFunctioanlity#logoutMethod</h3><table class="result"><tr><th class="invisible"/></tr></table><p class="totop"><a href="#summary">back to summary</a></p>
<h3 id="m9">com.sauceDemo.TestCLasses.TC02VerifyLogoutFunctionality#logoutMethod</h3><table class="result"><tr><th class="invisible"/></tr></table><p class="totop"><a href="#summary">back to summary</a></p>
<h3 id="m10">com.sauceDemo.TestCLasses.TC03VerifyAddtoCartFunctionality#logoutMethod</h3><table class="result"><tr><th class="invisible"/></tr></table><p class="totop"><a href="#summary">back to summary</a></p>
<h3 id="m11">com.sauceDemo.TestCLasses.TC01VerifyLoginFunctioanlity#checktitle</h3><table class="result"><tr><th>Exception</th></tr><tr><td><div class="stacktrace">org.openqa.selenium.SessionNotCreatedException: session not created: This version of MSEdgeDriver only supports MSEdge version 98
Current browser version is 100.0.1185.39 with binary path C:\Program Files (x86)\Microsoft\Edge\Application\msedge.exe
Build info: version: &apos;3.14.0&apos;, revision: &apos;aacccce0&apos;, time: &apos;2018-08-02T20:19:58.91Z&apos;
System info: host: &apos;DESKTOP-MGVC6GB&apos;, ip: &apos;192.168.0.175&apos;, os.name: &apos;Windows 10&apos;, os.arch: &apos;amd64&apos;, os.version: &apos;10.0&apos;, java.version: &apos;17&apos;
Driver info: driver.version: EdgeDriver
remote stacktrace: Backtrace:
	Microsoft::Applications::Events::EventProperties::unpack [0x00007FF7CEE93A82+22610]
	Microsoft::Applications::Events::time_ticks_t::time_ticks_t [0x00007FF7CEDD2352+503810]
	Ordinal0 [0x00007FF7CE8D0FA5+659365]
	Ordinal0 [0x00007FF7CE8FBB1C+834332]
	Ordinal0 [0x00007FF7CE8F70FA+815354]
	Ordinal0 [0x00007FF7CE8F2A72+797298]
	Ordinal0 [0x00007FF7CE92C726+1034022]
	Ordinal0 [0x00007FF7CE926E53+1011283]
	Ordinal0 [0x00007FF7CE8FE0C7+843975]
	Ordinal0 [0x00007FF7CE8FF598+849304]
	Microsoft::Applications::Events::EventProperty::to_string [0x00007FF7CEA991B8+848488]
	Microsoft::Applications::Events::EventProperty::EventProperty [0x00007FF7CEB8B17D+39117]
	Microsoft::Applications::Events::EventProperty::EventProperty [0x00007FF7CEB8E3F2+52034]
	Microsoft::Applications::Events::EventProperty::to_string [0x00007FF7CE9D0D56+28166]
	Microsoft::Applications::Events::time_ticks_t::time_ticks_t [0x00007FF7CEDD8FE1+531601]
	Microsoft::Applications::Events::time_ticks_t::time_ticks_t [0x00007FF7CEDDE4C4+553332]
	Microsoft::Applications::Events::time_ticks_t::time_ticks_t [0x00007FF7CEDDE655+553733]
	Microsoft::Applications::Events::EventProperty::to_string [0x00007FF7CEAA6C40+904432]
	BaseThreadInitThunk [0x00007FFA66FA7C24+20]
	RtlUserThreadStart [0x00007FFA671AD721+33]

	at org.openqa.selenium.remote.W3CHandshakeResponse.lambda$new$0(W3CHandshakeResponse.java:57)
	at org.openqa.selenium.remote.W3CHandshakeResponse.lambda$getResponseFunction$2(W3CHandshakeResponse.java:104)
	at org.openqa.selenium.remote.ProtocolHandshake.lambda$createSession$0(ProtocolHandshake.java:122)
	at java.base/java.util.stream.ReferencePipeline$3$1.accept(ReferencePipeline.java:197)
	at java.base/java.util.Spliterators$ArraySpliterator.tryAdvance(Spliterators.java:1002)
	at java.base/java.util.stream.ReferencePipeline.forEachWithCancel(ReferencePipeline.java:129)
	at java.base/java.util.stream.AbstractPipeline.copyIntoWithCancel(AbstractPipeline.java:527)
	at java.base/java.util.stream.AbstractPipeline.copyInto(AbstractPipeline.java:513)
	at java.base/java.util.stream.AbstractPipeline.wrapAndCopyInto(AbstractPipeline.java:499)
	at java.base/java.util.stream.FindOps$FindOp.evaluateSequential(FindOps.java:150)
	at java.base/java.util.stream.AbstractPipeline.evaluate(AbstractPipeline.java:234)
	at java.base/java.util.stream.ReferencePipeline.findFirst(ReferencePipeline.java:647)
	at org.openqa.selenium.remote.ProtocolHandshake.createSession(ProtocolHandshake.java:125)
	at org.openqa.selenium.remote.ProtocolHandshake.createSession(ProtocolHandshake.java:73)
	at org.openqa.selenium.remote.HttpCommandExecutor.execute(HttpCommandExecutor.java:136)
	at org.openqa.selenium.remote.service.DriverCommandExecutor.execute(DriverCommandExecutor.java:83)
	at org.openqa.selenium.remote.RemoteWebDriver.execute(RemoteWebDriver.java:548)
	at org.openqa.selenium.remote.RemoteWebDriver.startSession(RemoteWebDriver.java:212)
	at org.openqa.selenium.remote.RemoteWebDriver.&lt;init&gt;(RemoteWebDriver.java:130)
	at org.openqa.selenium.edge.EdgeDriver.&lt;init&gt;(EdgeDriver.java:141)
	at org.openqa.selenium.edge.EdgeDriver.&lt;init&gt;(EdgeDriver.java:96)
	at com.sauceDemo.TestCLasses.BaseClass.setupUpMethod(BaseClass.java:41)
	at java.base/java.util.ArrayList.forEach(ArrayList.java:1511)
... Removed 36 stack frames</div></td></tr></table><p class="totop"><a href="#summary">back to summary</a></p>
<h3 id="m12">com.sauceDemo.TestCLasses.TC02VerifyLogoutFunctionality#Verifylogout</h3><table class="result"><tr><th>Exception</th></tr><tr><td><div class="stacktrace">org.openqa.selenium.SessionNotCreatedException: session not created: This version of MSEdgeDriver only supports MSEdge version 98
Current browser version is 100.0.1185.39 with binary path C:\Program Files (x86)\Microsoft\Edge\Application\msedge.exe
Build info: version: &apos;3.14.0&apos;, revision: &apos;aacccce0&apos;, time: &apos;2018-08-02T20:19:58.91Z&apos;
System info: host: &apos;DESKTOP-MGVC6GB&apos;, ip: &apos;192.168.0.175&apos;, os.name: &apos;Windows 10&apos;, os.arch: &apos;amd64&apos;, os.version: &apos;10.0&apos;, java.version: &apos;17&apos;
Driver info: driver.version: EdgeDriver
remote stacktrace: Backtrace:
	Microsoft::Applications::Events::EventProperties::unpack [0x00007FF7CEE93A82+22610]
	Microsoft::Applications::Events::time_ticks_t::time_ticks_t [0x00007FF7CEDD2352+503810]
	Ordinal0 [0x00007FF7CE8D0FA5+659365]
	Ordinal0 [0x00007FF7CE8FBB1C+834332]
	Ordinal0 [0x00007FF7CE8F70FA+815354]
	Ordinal0 [0x00007FF7CE8F2A72+797298]
	Ordinal0 [0x00007FF7CE92C726+1034022]
	Ordinal0 [0x00007FF7CE926E53+1011283]
	Ordinal0 [0x00007FF7CE8FE0C7+843975]
	Ordinal0 [0x00007FF7CE8FF598+849304]
	Microsoft::Applications::Events::EventProperty::to_string [0x00007FF7CEA991B8+848488]
	Microsoft::Applications::Events::EventProperty::EventProperty [0x00007FF7CEB8B17D+39117]
	Microsoft::Applications::Events::EventProperty::EventProperty [0x00007FF7CEB8E3F2+52034]
	Microsoft::Applications::Events::EventProperty::to_string [0x00007FF7CE9D0D56+28166]
	Microsoft::Applications::Events::time_ticks_t::time_ticks_t [0x00007FF7CEDD8FE1+531601]
	Microsoft::Applications::Events::time_ticks_t::time_ticks_t [0x00007FF7CEDDE4C4+553332]
	Microsoft::Applications::Events::time_ticks_t::time_ticks_t [0x00007FF7CEDDE655+553733]
	Microsoft::Applications::Events::EventProperty::to_string [0x00007FF7CEAA6C40+904432]
	BaseThreadInitThunk [0x00007FFA66FA7C24+20]
	RtlUserThreadStart [0x00007FFA671AD721+33]

	at org.openqa.selenium.remote.W3CHandshakeResponse.lambda$new$0(W3CHandshakeResponse.java:57)
	at org.openqa.selenium.remote.W3CHandshakeResponse.lambda$getResponseFunction$2(W3CHandshakeResponse.java:104)
	at org.openqa.selenium.remote.ProtocolHandshake.lambda$createSession$0(ProtocolHandshake.java:122)
	at java.base/java.util.stream.ReferencePipeline$3$1.accept(ReferencePipeline.java:197)
	at java.base/java.util.Spliterators$ArraySpliterator.tryAdvance(Spliterators.java:1002)
	at java.base/java.util.stream.ReferencePipeline.forEachWithCancel(ReferencePipeline.java:129)
	at java.base/java.util.stream.AbstractPipeline.copyIntoWithCancel(AbstractPipeline.java:527)
	at java.base/java.util.stream.AbstractPipeline.copyInto(AbstractPipeline.java:513)
	at java.base/java.util.stream.AbstractPipeline.wrapAndCopyInto(AbstractPipeline.java:499)
	at java.base/java.util.stream.FindOps$FindOp.evaluateSequential(FindOps.java:150)
	at java.base/java.util.stream.AbstractPipeline.evaluate(AbstractPipeline.java:234)
	at java.base/java.util.stream.ReferencePipeline.findFirst(ReferencePipeline.java:647)
	at org.openqa.selenium.remote.ProtocolHandshake.createSession(ProtocolHandshake.java:125)
	at org.openqa.selenium.remote.ProtocolHandshake.createSession(ProtocolHandshake.java:73)
	at org.openqa.selenium.remote.HttpCommandExecutor.execute(HttpCommandExecutor.java:136)
	at org.openqa.selenium.remote.service.DriverCommandExecutor.execute(DriverCommandExecutor.java:83)
	at org.openqa.selenium.remote.RemoteWebDriver.execute(RemoteWebDriver.java:548)
	at org.openqa.selenium.remote.RemoteWebDriver.startSession(RemoteWebDriver.java:212)
	at org.openqa.selenium.remote.RemoteWebDriver.&lt;init&gt;(RemoteWebDriver.java:130)
	at org.openqa.selenium.edge.EdgeDriver.&lt;init&gt;(EdgeDriver.java:141)
	at org.openqa.selenium.edge.EdgeDriver.&lt;init&gt;(EdgeDriver.java:96)
	at com.sauceDemo.TestCLasses.BaseClass.setupUpMethod(BaseClass.java:41)
	at java.base/java.util.ArrayList.forEach(ArrayList.java:1511)
... Removed 36 stack frames</div></td></tr></table><p class="totop"><a href="#summary">back to summary</a></p>
<h3 id="m13">com.sauceDemo.TestCLasses.TC03VerifyAddtoCartFunctionality#verifyAddtocart</h3><table class="result"><tr><th>Exception</th></tr><tr><td><div class="stacktrace">org.openqa.selenium.SessionNotCreatedException: session not created: This version of MSEdgeDriver only supports MSEdge version 98
Current browser version is 100.0.1185.39 with binary path C:\Program Files (x86)\Microsoft\Edge\Application\msedge.exe
Build info: version: &apos;3.14.0&apos;, revision: &apos;aacccce0&apos;, time: &apos;2018-08-02T20:19:58.91Z&apos;
System info: host: &apos;DESKTOP-MGVC6GB&apos;, ip: &apos;192.168.0.175&apos;, os.name: &apos;Windows 10&apos;, os.arch: &apos;amd64&apos;, os.version: &apos;10.0&apos;, java.version: &apos;17&apos;
Driver info: driver.version: EdgeDriver
remote stacktrace: Backtrace:
	Microsoft::Applications::Events::EventProperties::unpack [0x00007FF7CEE93A82+22610]
	Microsoft::Applications::Events::time_ticks_t::time_ticks_t [0x00007FF7CEDD2352+503810]
	Ordinal0 [0x00007FF7CE8D0FA5+659365]
	Ordinal0 [0x00007FF7CE8FBB1C+834332]
	Ordinal0 [0x00007FF7CE8F70FA+815354]
	Ordinal0 [0x00007FF7CE8F2A72+797298]
	Ordinal0 [0x00007FF7CE92C726+1034022]
	Ordinal0 [0x00007FF7CE926E53+1011283]
	Ordinal0 [0x00007FF7CE8FE0C7+843975]
	Ordinal0 [0x00007FF7CE8FF598+849304]
	Microsoft::Applications::Events::EventProperty::to_string [0x00007FF7CEA991B8+848488]
	Microsoft::Applications::Events::EventProperty::EventProperty [0x00007FF7CEB8B17D+39117]
	Microsoft::Applications::Events::EventProperty::EventProperty [0x00007FF7CEB8E3F2+52034]
	Microsoft::Applications::Events::EventProperty::to_string [0x00007FF7CE9D0D56+28166]
	Microsoft::Applications::Events::time_ticks_t::time_ticks_t [0x00007FF7CEDD8FE1+531601]
	Microsoft::Applications::Events::time_ticks_t::time_ticks_t [0x00007FF7CEDDE4C4+553332]
	Microsoft::Applications::Events::time_ticks_t::time_ticks_t [0x00007FF7CEDDE655+553733]
	Microsoft::Applications::Events::EventProperty::to_string [0x00007FF7CEAA6C40+904432]
	BaseThreadInitThunk [0x00007FFA66FA7C24+20]
	RtlUserThreadStart [0x00007FFA671AD721+33]

	at org.openqa.selenium.remote.W3CHandshakeResponse.lambda$new$0(W3CHandshakeResponse.java:57)
	at org.openqa.selenium.remote.W3CHandshakeResponse.lambda$getResponseFunction$2(W3CHandshakeResponse.java:104)
	at org.openqa.selenium.remote.ProtocolHandshake.lambda$createSession$0(ProtocolHandshake.java:122)
	at java.base/java.util.stream.ReferencePipeline$3$1.accept(ReferencePipeline.java:197)
	at java.base/java.util.Spliterators$ArraySpliterator.tryAdvance(Spliterators.java:1002)
	at java.base/java.util.stream.ReferencePipeline.forEachWithCancel(ReferencePipeline.java:129)
	at java.base/java.util.stream.AbstractPipeline.copyIntoWithCancel(AbstractPipeline.java:527)
	at java.base/java.util.stream.AbstractPipeline.copyInto(AbstractPipeline.java:513)
	at java.base/java.util.stream.AbstractPipeline.wrapAndCopyInto(AbstractPipeline.java:499)
	at java.base/java.util.stream.FindOps$FindOp.evaluateSequential(FindOps.java:150)
	at java.base/java.util.stream.AbstractPipeline.evaluate(AbstractPipeline.java:234)
	at java.base/java.util.stream.ReferencePipeline.findFirst(ReferencePipeline.java:647)
	at org.openqa.selenium.remote.ProtocolHandshake.createSession(ProtocolHandshake.java:125)
	at org.openqa.selenium.remote.ProtocolHandshake.createSession(ProtocolHandshake.java:73)
	at org.openqa.selenium.remote.HttpCommandExecutor.execute(HttpCommandExecutor.java:136)
	at org.openqa.selenium.remote.service.DriverCommandExecutor.execute(DriverCommandExecutor.java:83)
	at org.openqa.selenium.remote.RemoteWebDriver.execute(RemoteWebDriver.java:548)
	at org.openqa.selenium.remote.RemoteWebDriver.startSession(RemoteWebDriver.java:212)
	at org.openqa.selenium.remote.RemoteWebDriver.&lt;init&gt;(RemoteWebDriver.java:130)
	at org.openqa.selenium.edge.EdgeDriver.&lt;init&gt;(EdgeDriver.java:141)
	at org.openqa.selenium.edge.EdgeDriver.&lt;init&gt;(EdgeDriver.java:96)
	at com.sauceDemo.TestCLasses.BaseClass.setupUpMethod(BaseClass.java:41)
	at java.base/java.util.ArrayList.forEach(ArrayList.java:1511)
... Removed 36 stack frames</div></td></tr></table><p class="totop"><a href="#summary">back to summary</a></p>
</body>
</html>
