<?xml version="1.0" encoding="UTF-8"?>
<testng-results ignored="0" total="6" passed="2" failed="1" skipped="3">
  <reporter-output>
  </reporter-output>
  <suite started-at="2022-04-15T18:32:49 IST" name="Suite" finished-at="2022-04-15T18:34:34 IST" duration-ms="105163">
    <groups>
    </groups>
    <test started-at="2022-04-15T18:32:49 IST" name="chromeTest" finished-at="2022-04-15T18:33:41 IST" duration-ms="51910">
      <class name="com.sauceDemo.TestCLasses.TC02VerifyLogoutFunctionality">
        <test-method is-config="true" signature="setupUpMethod(java.lang.String)[pri:0, instance:com.sauceDemo.TestCLasses.TC02VerifyLogoutFunctionality@3e84448c]" started-at="2022-04-15T18:33:07 IST" name="setupUpMethod" finished-at="2022-04-15T18:33:19 IST" duration-ms="11602" status="PASS">
          <params>
            <param index="0">
              <value>
                <![CDATA[chrome]]>
              </value>
            </param>
          </params>
          <reporter-output>
          </reporter-output>
        </test-method> <!-- setupUpMethod -->
        <test-method signature="Verifylogout()[pri:0, instance:com.sauceDemo.TestCLasses.TC02VerifyLogoutFunctionality@3e84448c]" started-at="2022-04-15T18:33:19 IST" name="Verifylogout" finished-at="2022-04-15T18:33:19 IST" duration-ms="2" status="PASS">
          <reporter-output>
          </reporter-output>
        </test-method> <!-- Verifylogout -->
        <test-method is-config="true" signature="logoutMethod()[pri:0, instance:com.sauceDemo.TestCLasses.TC02VerifyLogoutFunctionality@3e84448c]" started-at="2022-04-15T18:33:19 IST" name="logoutMethod" finished-at="2022-04-15T18:33:20 IST" duration-ms="925" status="FAIL">
          <exception class="org.openqa.selenium.ElementNotInteractableException">
            <message>
              <![CDATA[element not interactable
  (Session info: chrome=100.0.4896.88)
Build info: version: '3.14.0', revision: 'aacccce0', time: '2018-08-02T20:19:58.91Z'
System info: host: 'DESKTOP-MGVC6GB', ip: '192.168.0.175', os.name: 'Windows 10', os.arch: 'amd64', os.version: '10.0', java.version: '17'
Driver info: org.openqa.selenium.chrome.ChromeDriver
Capabilities {acceptInsecureCerts: false, browserName: chrome, browserVersion: 100.0.4896.88, chrome: {chromedriverVersion: 100.0.4896.60 (6a5d10861ce8..., userDataDir: C:\Users\DELL\AppData\Local...}, goog:chromeOptions: {debuggerAddress: localhost:53894}, javascriptEnabled: true, networkConnectionEnabled: false, pageLoadStrategy: normal, platform: WINDOWS, platformName: WINDOWS, proxy: Proxy(), setWindowRect: true, strictFileInteractability: false, timeouts: {implicit: 0, pageLoad: 300000, script: 30000}, unhandledPromptBehavior: dismiss and notify, webauthn:extension:credBlob: true, webauthn:extension:largeBlob: true, webauthn:virtualAuthenticators: true}
Session ID: f66a25e974a4daa47c9abc77f05b9902]]>
            </message>
            <full-stacktrace>
              <![CDATA[org.openqa.selenium.ElementNotInteractableException: element not interactable
  (Session info: chrome=100.0.4896.88)
Build info: version: '3.14.0', revision: 'aacccce0', time: '2018-08-02T20:19:58.91Z'
System info: host: 'DESKTOP-MGVC6GB', ip: '192.168.0.175', os.name: 'Windows 10', os.arch: 'amd64', os.version: '10.0', java.version: '17'
Driver info: org.openqa.selenium.chrome.ChromeDriver
Capabilities {acceptInsecureCerts: false, browserName: chrome, browserVersion: 100.0.4896.88, chrome: {chromedriverVersion: 100.0.4896.60 (6a5d10861ce8..., userDataDir: C:\Users\DELL\AppData\Local...}, goog:chromeOptions: {debuggerAddress: localhost:53894}, javascriptEnabled: true, networkConnectionEnabled: false, pageLoadStrategy: normal, platform: WINDOWS, platformName: WINDOWS, proxy: Proxy(), setWindowRect: true, strictFileInteractability: false, timeouts: {implicit: 0, pageLoad: 300000, script: 30000}, unhandledPromptBehavior: dismiss and notify, webauthn:extension:credBlob: true, webauthn:extension:largeBlob: true, webauthn:virtualAuthenticators: true}
Session ID: f66a25e974a4daa47c9abc77f05b9902
at java.base/jdk.internal.reflect.NativeConstructorAccessorImpl.newInstance0(Native Method)
at java.base/jdk.internal.reflect.NativeConstructorAccessorImpl.newInstance(NativeConstructorAccessorImpl.java:77)
at java.base/jdk.internal.reflect.DelegatingConstructorAccessorImpl.newInstance(DelegatingConstructorAccessorImpl.java:45)
at java.base/java.lang.reflect.Constructor.newInstanceWithCaller(Constructor.java:499)
at java.base/java.lang.reflect.Constructor.newInstance(Constructor.java:480)
at org.openqa.selenium.remote.http.W3CHttpResponseCodec.createException(W3CHttpResponseCodec.java:187)
at org.openqa.selenium.remote.http.W3CHttpResponseCodec.decode(W3CHttpResponseCodec.java:122)
at org.openqa.selenium.remote.http.W3CHttpResponseCodec.decode(W3CHttpResponseCodec.java:49)
at org.openqa.selenium.remote.HttpCommandExecutor.execute(HttpCommandExecutor.java:158)
at org.openqa.selenium.remote.service.DriverCommandExecutor.execute(DriverCommandExecutor.java:83)
at org.openqa.selenium.remote.RemoteWebDriver.execute(RemoteWebDriver.java:548)
at org.openqa.selenium.remote.RemoteWebElement.execute(RemoteWebElement.java:276)
at org.openqa.selenium.remote.RemoteWebElement.click(RemoteWebElement.java:83)
at java.base/jdk.internal.reflect.NativeMethodAccessorImpl.invoke0(Native Method)
at java.base/jdk.internal.reflect.NativeMethodAccessorImpl.invoke(NativeMethodAccessorImpl.java:77)
at java.base/jdk.internal.reflect.DelegatingMethodAccessorImpl.invoke(DelegatingMethodAccessorImpl.java:43)
at java.base/java.lang.reflect.Method.invoke(Method.java:568)
at org.openqa.selenium.support.pagefactory.internal.LocatingElementHandler.invoke(LocatingElementHandler.java:51)
at jdk.proxy2/jdk.proxy2.$Proxy13.click(Unknown Source)
at com.sauceDemo.POMClasses.HomePageClass.clickLogoutButton(HomePageClass.java:32)
at com.sauceDemo.TestCLasses.BaseClass.logoutMethod(BaseClass.java:77)
at java.base/jdk.internal.reflect.NativeMethodAccessorImpl.invoke0(Native Method)
at java.base/jdk.internal.reflect.NativeMethodAccessorImpl.invoke(NativeMethodAccessorImpl.java:77)
at java.base/jdk.internal.reflect.DelegatingMethodAccessorImpl.invoke(DelegatingMethodAccessorImpl.java:43)
at java.base/java.lang.reflect.Method.invoke(Method.java:568)
at org.testng.internal.MethodInvocationHelper.invokeMethod(MethodInvocationHelper.java:133)
at org.testng.internal.MethodInvocationHelper.invokeMethodConsideringTimeout(MethodInvocationHelper.java:62)
at org.testng.internal.ConfigInvoker.invokeConfigurationMethod(ConfigInvoker.java:385)
at org.testng.internal.ConfigInvoker.invokeConfigurations(ConfigInvoker.java:321)
at org.testng.internal.TestInvoker.runConfigMethods(TestInvoker.java:700)
at org.testng.internal.TestInvoker.runAfterGroupsConfigurations(TestInvoker.java:676)
at org.testng.internal.TestInvoker.invokeMethod(TestInvoker.java:660)
at org.testng.internal.TestInvoker.invokeTestMethod(TestInvoker.java:173)
at org.testng.internal.MethodRunner.runInSequence(MethodRunner.java:46)
at org.testng.internal.TestInvoker$MethodInvocationAgent.invoke(TestInvoker.java:824)
at org.testng.internal.TestInvoker.invokeTestMethods(TestInvoker.java:146)
at org.testng.internal.TestMethodWorker.invokeTestMethods(TestMethodWorker.java:146)
at org.testng.internal.TestMethodWorker.run(TestMethodWorker.java:128)
at java.base/java.util.ArrayList.forEach(ArrayList.java:1511)
at org.testng.TestRunner.privateRun(TestRunner.java:794)
at org.testng.TestRunner.run(TestRunner.java:596)
at org.testng.SuiteRunner.runTest(SuiteRunner.java:377)
at org.testng.SuiteRunner.runSequentially(SuiteRunner.java:371)
at org.testng.SuiteRunner.privateRun(SuiteRunner.java:332)
at org.testng.SuiteRunner.run(SuiteRunner.java:276)
at org.testng.SuiteRunnerWorker.runSuite(SuiteRunnerWorker.java:53)
at org.testng.SuiteRunnerWorker.run(SuiteRunnerWorker.java:96)
at org.testng.TestNG.runSuitesSequentially(TestNG.java:1212)
at org.testng.TestNG.runSuitesLocally(TestNG.java:1134)
at org.testng.TestNG.runSuites(TestNG.java:1063)
at org.testng.TestNG.run(TestNG.java:1031)
at org.testng.remote.AbstractRemoteTestNG.run(AbstractRemoteTestNG.java:115)
at org.testng.remote.RemoteTestNG.initAndRun(RemoteTestNG.java:251)
at org.testng.remote.RemoteTestNG.main(RemoteTestNG.java:77)
]]>
            </full-stacktrace>
          </exception> <!-- org.openqa.selenium.ElementNotInteractableException -->
          <reporter-output>
          </reporter-output>
        </test-method> <!-- logoutMethod -->
      </class> <!-- com.sauceDemo.TestCLasses.TC02VerifyLogoutFunctionality -->
      <class name="com.sauceDemo.TestCLasses.TC01VerifyLoginFunctioanlity">
        <test-method is-config="true" signature="setupUpMethod(java.lang.String)[pri:0, instance:com.sauceDemo.TestCLasses.TC01VerifyLoginFunctioanlity@272ed83b]" started-at="2022-04-15T18:32:49 IST" name="setupUpMethod" finished-at="2022-04-15T18:33:06 IST" duration-ms="17034" status="PASS">
          <params>
            <param index="0">
              <value>
                <![CDATA[chrome]]>
              </value>
            </param>
          </params>
          <reporter-output>
          </reporter-output>
        </test-method> <!-- setupUpMethod -->
        <test-method signature="checktitle()[pri:0, instance:com.sauceDemo.TestCLasses.TC01VerifyLoginFunctioanlity@272ed83b]" started-at="2022-04-15T18:33:06 IST" name="checktitle" finished-at="2022-04-15T18:33:06 IST" duration-ms="75" status="PASS">
          <reporter-output>
          </reporter-output>
        </test-method> <!-- checktitle -->
        <test-method is-config="true" signature="logoutMethod()[pri:0, instance:com.sauceDemo.TestCLasses.TC01VerifyLoginFunctioanlity@272ed83b]" started-at="2022-04-15T18:33:06 IST" name="logoutMethod" finished-at="2022-04-15T18:33:07 IST" duration-ms="831" status="FAIL">
          <exception class="org.openqa.selenium.ElementNotInteractableException">
            <message>
              <![CDATA[element not interactable
  (Session info: chrome=100.0.4896.88)
Build info: version: '3.14.0', revision: 'aacccce0', time: '2018-08-02T20:19:58.91Z'
System info: host: 'DESKTOP-MGVC6GB', ip: '192.168.0.175', os.name: 'Windows 10', os.arch: 'amd64', os.version: '10.0', java.version: '17'
Driver info: org.openqa.selenium.chrome.ChromeDriver
Capabilities {acceptInsecureCerts: false, browserName: chrome, browserVersion: 100.0.4896.88, chrome: {chromedriverVersion: 100.0.4896.60 (6a5d10861ce8..., userDataDir: C:\Users\DELL\AppData\Local...}, goog:chromeOptions: {debuggerAddress: localhost:53870}, javascriptEnabled: true, networkConnectionEnabled: false, pageLoadStrategy: normal, platform: WINDOWS, platformName: WINDOWS, proxy: Proxy(), setWindowRect: true, strictFileInteractability: false, timeouts: {implicit: 0, pageLoad: 300000, script: 30000}, unhandledPromptBehavior: dismiss and notify, webauthn:extension:credBlob: true, webauthn:extension:largeBlob: true, webauthn:virtualAuthenticators: true}
Session ID: 3985eb27150bd6b3c8f1e83dddbae621]]>
            </message>
            <full-stacktrace>
              <![CDATA[org.openqa.selenium.ElementNotInteractableException: element not interactable
  (Session info: chrome=100.0.4896.88)
Build info: version: '3.14.0', revision: 'aacccce0', time: '2018-08-02T20:19:58.91Z'
System info: host: 'DESKTOP-MGVC6GB', ip: '192.168.0.175', os.name: 'Windows 10', os.arch: 'amd64', os.version: '10.0', java.version: '17'
Driver info: org.openqa.selenium.chrome.ChromeDriver
Capabilities {acceptInsecureCerts: false, browserName: chrome, browserVersion: 100.0.4896.88, chrome: {chromedriverVersion: 100.0.4896.60 (6a5d10861ce8..., userDataDir: C:\Users\DELL\AppData\Local...}, goog:chromeOptions: {debuggerAddress: localhost:53870}, javascriptEnabled: true, networkConnectionEnabled: false, pageLoadStrategy: normal, platform: WINDOWS, platformName: WINDOWS, proxy: Proxy(), setWindowRect: true, strictFileInteractability: false, timeouts: {implicit: 0, pageLoad: 300000, script: 30000}, unhandledPromptBehavior: dismiss and notify, webauthn:extension:credBlob: true, webauthn:extension:largeBlob: true, webauthn:virtualAuthenticators: true}
Session ID: 3985eb27150bd6b3c8f1e83dddbae621
at java.base/jdk.internal.reflect.NativeConstructorAccessorImpl.newInstance0(Native Method)
at java.base/jdk.internal.reflect.NativeConstructorAccessorImpl.newInstance(NativeConstructorAccessorImpl.java:77)
at java.base/jdk.internal.reflect.DelegatingConstructorAccessorImpl.newInstance(DelegatingConstructorAccessorImpl.java:45)
at java.base/java.lang.reflect.Constructor.newInstanceWithCaller(Constructor.java:499)
at java.base/java.lang.reflect.Constructor.newInstance(Constructor.java:480)
at org.openqa.selenium.remote.http.W3CHttpResponseCodec.createException(W3CHttpResponseCodec.java:187)
at org.openqa.selenium.remote.http.W3CHttpResponseCodec.decode(W3CHttpResponseCodec.java:122)
at org.openqa.selenium.remote.http.W3CHttpResponseCodec.decode(W3CHttpResponseCodec.java:49)
at org.openqa.selenium.remote.HttpCommandExecutor.execute(HttpCommandExecutor.java:158)
at org.openqa.selenium.remote.service.DriverCommandExecutor.execute(DriverCommandExecutor.java:83)
at org.openqa.selenium.remote.RemoteWebDriver.execute(RemoteWebDriver.java:548)
at org.openqa.selenium.remote.RemoteWebElement.execute(RemoteWebElement.java:276)
at org.openqa.selenium.remote.RemoteWebElement.click(RemoteWebElement.java:83)
at java.base/jdk.internal.reflect.NativeMethodAccessorImpl.invoke0(Native Method)
at java.base/jdk.internal.reflect.NativeMethodAccessorImpl.invoke(NativeMethodAccessorImpl.java:77)
at java.base/jdk.internal.reflect.DelegatingMethodAccessorImpl.invoke(DelegatingMethodAccessorImpl.java:43)
at java.base/java.lang.reflect.Method.invoke(Method.java:568)
at org.openqa.selenium.support.pagefactory.internal.LocatingElementHandler.invoke(LocatingElementHandler.java:51)
at jdk.proxy2/jdk.proxy2.$Proxy13.click(Unknown Source)
at com.sauceDemo.POMClasses.HomePageClass.clickLogoutButton(HomePageClass.java:32)
at com.sauceDemo.TestCLasses.BaseClass.logoutMethod(BaseClass.java:77)
at java.base/jdk.internal.reflect.NativeMethodAccessorImpl.invoke0(Native Method)
at java.base/jdk.internal.reflect.NativeMethodAccessorImpl.invoke(NativeMethodAccessorImpl.java:77)
at java.base/jdk.internal.reflect.DelegatingMethodAccessorImpl.invoke(DelegatingMethodAccessorImpl.java:43)
at java.base/java.lang.reflect.Method.invoke(Method.java:568)
at org.testng.internal.MethodInvocationHelper.invokeMethod(MethodInvocationHelper.java:133)
at org.testng.internal.MethodInvocationHelper.invokeMethodConsideringTimeout(MethodInvocationHelper.java:62)
at org.testng.internal.ConfigInvoker.invokeConfigurationMethod(ConfigInvoker.java:385)
at org.testng.internal.ConfigInvoker.invokeConfigurations(ConfigInvoker.java:321)
at org.testng.internal.TestInvoker.runConfigMethods(TestInvoker.java:700)
at org.testng.internal.TestInvoker.runAfterGroupsConfigurations(TestInvoker.java:676)
at org.testng.internal.TestInvoker.invokeMethod(TestInvoker.java:660)
at org.testng.internal.TestInvoker.invokeTestMethod(TestInvoker.java:173)
at org.testng.internal.MethodRunner.runInSequence(MethodRunner.java:46)
at org.testng.internal.TestInvoker$MethodInvocationAgent.invoke(TestInvoker.java:824)
at org.testng.internal.TestInvoker.invokeTestMethods(TestInvoker.java:146)
at org.testng.internal.TestMethodWorker.invokeTestMethods(TestMethodWorker.java:146)
at org.testng.internal.TestMethodWorker.run(TestMethodWorker.java:128)
at java.base/java.util.ArrayList.forEach(ArrayList.java:1511)
at org.testng.TestRunner.privateRun(TestRunner.java:794)
at org.testng.TestRunner.run(TestRunner.java:596)
at org.testng.SuiteRunner.runTest(SuiteRunner.java:377)
at org.testng.SuiteRunner.runSequentially(SuiteRunner.java:371)
at org.testng.SuiteRunner.privateRun(SuiteRunner.java:332)
at org.testng.SuiteRunner.run(SuiteRunner.java:276)
at org.testng.SuiteRunnerWorker.runSuite(SuiteRunnerWorker.java:53)
at org.testng.SuiteRunnerWorker.run(SuiteRunnerWorker.java:96)
at org.testng.TestNG.runSuitesSequentially(TestNG.java:1212)
at org.testng.TestNG.runSuitesLocally(TestNG.java:1134)
at org.testng.TestNG.runSuites(TestNG.java:1063)
at org.testng.TestNG.run(TestNG.java:1031)
at org.testng.remote.AbstractRemoteTestNG.run(AbstractRemoteTestNG.java:115)
at org.testng.remote.RemoteTestNG.initAndRun(RemoteTestNG.java:251)
at org.testng.remote.RemoteTestNG.main(RemoteTestNG.java:77)
]]>
            </full-stacktrace>
          </exception> <!-- org.openqa.selenium.ElementNotInteractableException -->
          <reporter-output>
          </reporter-output>
        </test-method> <!-- logoutMethod -->
      </class> <!-- com.sauceDemo.TestCLasses.TC01VerifyLoginFunctioanlity -->
      <class name="com.sauceDemo.TestCLasses.TC03VerifyAddtoCartFunctionality">
        <test-method is-config="true" signature="setupUpMethod(java.lang.String)[pri:0, instance:com.sauceDemo.TestCLasses.TC03VerifyAddtoCartFunctionality@4a7f959b]" started-at="2022-04-15T18:33:20 IST" name="setupUpMethod" finished-at="2022-04-15T18:33:34 IST" duration-ms="13942" status="PASS">
          <params>
            <param index="0">
              <value>
                <![CDATA[chrome]]>
              </value>
            </param>
          </params>
          <reporter-output>
          </reporter-output>
        </test-method> <!-- setupUpMethod -->
        <test-method signature="verifyAddtocart()[pri:0, instance:com.sauceDemo.TestCLasses.TC03VerifyAddtoCartFunctionality@4a7f959b]" started-at="2022-04-15T18:33:34 IST" name="verifyAddtocart" finished-at="2022-04-15T18:33:38 IST" duration-ms="4815" status="FAIL">
          <exception class="java.lang.AssertionError">
            <message>
              <![CDATA[expected [true] but found [false]]]>
            </message>
            <full-stacktrace>
              <![CDATA[java.lang.AssertionError: expected [true] but found [false]
at org.testng.Assert.fail(Assert.java:99)
at org.testng.Assert.failNotEquals(Assert.java:1037)
at org.testng.Assert.assertTrue(Assert.java:45)
at org.testng.Assert.assertTrue(Assert.java:55)
at com.sauceDemo.TestCLasses.TC03VerifyAddtoCartFunctionality.verifyAddtocart(TC03VerifyAddtoCartFunctionality.java:23)
at java.base/jdk.internal.reflect.NativeMethodAccessorImpl.invoke0(Native Method)
at java.base/jdk.internal.reflect.NativeMethodAccessorImpl.invoke(NativeMethodAccessorImpl.java:77)
at java.base/jdk.internal.reflect.DelegatingMethodAccessorImpl.invoke(DelegatingMethodAccessorImpl.java:43)
at java.base/java.lang.reflect.Method.invoke(Method.java:568)
at org.testng.internal.MethodInvocationHelper.invokeMethod(MethodInvocationHelper.java:133)
at org.testng.internal.TestInvoker.invokeMethod(TestInvoker.java:598)
at org.testng.internal.TestInvoker.invokeTestMethod(TestInvoker.java:173)
at org.testng.internal.MethodRunner.runInSequence(MethodRunner.java:46)
at org.testng.internal.TestInvoker$MethodInvocationAgent.invoke(TestInvoker.java:824)
at org.testng.internal.TestInvoker.invokeTestMethods(TestInvoker.java:146)
at org.testng.internal.TestMethodWorker.invokeTestMethods(TestMethodWorker.java:146)
at org.testng.internal.TestMethodWorker.run(TestMethodWorker.java:128)
at java.base/java.util.ArrayList.forEach(ArrayList.java:1511)
at org.testng.TestRunner.privateRun(TestRunner.java:794)
at org.testng.TestRunner.run(TestRunner.java:596)
at org.testng.SuiteRunner.runTest(SuiteRunner.java:377)
at org.testng.SuiteRunner.runSequentially(SuiteRunner.java:371)
at org.testng.SuiteRunner.privateRun(SuiteRunner.java:332)
at org.testng.SuiteRunner.run(SuiteRunner.java:276)
at org.testng.SuiteRunnerWorker.runSuite(SuiteRunnerWorker.java:53)
at org.testng.SuiteRunnerWorker.run(SuiteRunnerWorker.java:96)
at org.testng.TestNG.runSuitesSequentially(TestNG.java:1212)
at org.testng.TestNG.runSuitesLocally(TestNG.java:1134)
at org.testng.TestNG.runSuites(TestNG.java:1063)
at org.testng.TestNG.run(TestNG.java:1031)
at org.testng.remote.AbstractRemoteTestNG.run(AbstractRemoteTestNG.java:115)
at org.testng.remote.RemoteTestNG.initAndRun(RemoteTestNG.java:251)
at org.testng.remote.RemoteTestNG.main(RemoteTestNG.java:77)
]]>
            </full-stacktrace>
          </exception> <!-- java.lang.AssertionError -->
          <reporter-output>
          </reporter-output>
        </test-method> <!-- verifyAddtocart -->
        <test-method is-config="true" signature="logoutMethod()[pri:0, instance:com.sauceDemo.TestCLasses.TC03VerifyAddtoCartFunctionality@4a7f959b]" started-at="2022-04-15T18:33:38 IST" name="logoutMethod" finished-at="2022-04-15T18:33:41 IST" duration-ms="2486" status="PASS">
          <reporter-output>
          </reporter-output>
        </test-method> <!-- logoutMethod -->
      </class> <!-- com.sauceDemo.TestCLasses.TC03VerifyAddtoCartFunctionality -->
    </test> <!-- chromeTest -->
    <test started-at="2022-04-15T18:33:41 IST" name="edgeTest" finished-at="2022-04-15T18:34:34 IST" duration-ms="52966">
      <class name="com.sauceDemo.TestCLasses.TC02VerifyLogoutFunctionality">
        <test-method is-config="true" signature="setupUpMethod(java.lang.String)[pri:0, instance:com.sauceDemo.TestCLasses.TC02VerifyLogoutFunctionality@4738a206]" started-at="2022-04-15T18:34:17 IST" name="setupUpMethod" finished-at="2022-04-15T18:34:27 IST" duration-ms="10268" status="FAIL">
          <params>
            <param index="0">
              <value>
                <![CDATA[edge]]>
              </value>
            </param>
          </params>
          <exception class="org.openqa.selenium.SessionNotCreatedException">
            <message>
              <![CDATA[session not created: This version of MSEdgeDriver only supports MSEdge version 98
Current browser version is 100.0.1185.39 with binary path C:\Program Files (x86)\Microsoft\Edge\Application\msedge.exe
Build info: version: '3.14.0', revision: 'aacccce0', time: '2018-08-02T20:19:58.91Z'
System info: host: 'DESKTOP-MGVC6GB', ip: '192.168.0.175', os.name: 'Windows 10', os.arch: 'amd64', os.version: '10.0', java.version: '17'
Driver info: driver.version: EdgeDriver
remote stacktrace: Backtrace:
Microsoft::Applications::Events::EventProperties::unpack [0x00007FF7CEE93A82+22610]
Microsoft::Applications::Events::time_ticks_t::time_ticks_t [0x00007FF7CEDD2352+503810]
Ordinal0 [0x00007FF7CE8D0FA5+659365]
Ordinal0 [0x00007FF7CE8FBB1C+834332]
Ordinal0 [0x00007FF7CE8F70FA+815354]
Ordinal0 [0x00007FF7CE8F2A72+797298]
Ordinal0 [0x00007FF7CE92C726+1034022]
Ordinal0 [0x00007FF7CE926E53+1011283]
Ordinal0 [0x00007FF7CE8FE0C7+843975]
Ordinal0 [0x00007FF7CE8FF598+849304]
Microsoft::Applications::Events::EventProperty::to_string [0x00007FF7CEA991B8+848488]
Microsoft::Applications::Events::EventProperty::EventProperty [0x00007FF7CEB8B17D+39117]
Microsoft::Applications::Events::EventProperty::EventProperty [0x00007FF7CEB8E3F2+52034]
Microsoft::Applications::Events::EventProperty::to_string [0x00007FF7CE9D0D56+28166]
Microsoft::Applications::Events::time_ticks_t::time_ticks_t [0x00007FF7CEDD8FE1+531601]
Microsoft::Applications::Events::time_ticks_t::time_ticks_t [0x00007FF7CEDDE4C4+553332]
Microsoft::Applications::Events::time_ticks_t::time_ticks_t [0x00007FF7CEDDE655+553733]
Microsoft::Applications::Events::EventProperty::to_string [0x00007FF7CEAA6C40+904432]
BaseThreadInitThunk [0x00007FFA66FA7C24+20]
RtlUserThreadStart [0x00007FFA671AD721+33]
]]>
            </message>
            <full-stacktrace>
              <![CDATA[org.openqa.selenium.SessionNotCreatedException: session not created: This version of MSEdgeDriver only supports MSEdge version 98
Current browser version is 100.0.1185.39 with binary path C:\Program Files (x86)\Microsoft\Edge\Application\msedge.exe
Build info: version: '3.14.0', revision: 'aacccce0', time: '2018-08-02T20:19:58.91Z'
System info: host: 'DESKTOP-MGVC6GB', ip: '192.168.0.175', os.name: 'Windows 10', os.arch: 'amd64', os.version: '10.0', java.version: '17'
Driver info: driver.version: EdgeDriver
remote stacktrace: Backtrace:
Microsoft::Applications::Events::EventProperties::unpack [0x00007FF7CEE93A82+22610]
Microsoft::Applications::Events::time_ticks_t::time_ticks_t [0x00007FF7CEDD2352+503810]
Ordinal0 [0x00007FF7CE8D0FA5+659365]
Ordinal0 [0x00007FF7CE8FBB1C+834332]
Ordinal0 [0x00007FF7CE8F70FA+815354]
Ordinal0 [0x00007FF7CE8F2A72+797298]
Ordinal0 [0x00007FF7CE92C726+1034022]
Ordinal0 [0x00007FF7CE926E53+1011283]
Ordinal0 [0x00007FF7CE8FE0C7+843975]
Ordinal0 [0x00007FF7CE8FF598+849304]
Microsoft::Applications::Events::EventProperty::to_string [0x00007FF7CEA991B8+848488]
Microsoft::Applications::Events::EventProperty::EventProperty [0x00007FF7CEB8B17D+39117]
Microsoft::Applications::Events::EventProperty::EventProperty [0x00007FF7CEB8E3F2+52034]
Microsoft::Applications::Events::EventProperty::to_string [0x00007FF7CE9D0D56+28166]
Microsoft::Applications::Events::time_ticks_t::time_ticks_t [0x00007FF7CEDD8FE1+531601]
Microsoft::Applications::Events::time_ticks_t::time_ticks_t [0x00007FF7CEDDE4C4+553332]
Microsoft::Applications::Events::time_ticks_t::time_ticks_t [0x00007FF7CEDDE655+553733]
Microsoft::Applications::Events::EventProperty::to_string [0x00007FF7CEAA6C40+904432]
BaseThreadInitThunk [0x00007FFA66FA7C24+20]
RtlUserThreadStart [0x00007FFA671AD721+33]

at java.base/jdk.internal.reflect.NativeConstructorAccessorImpl.newInstance0(Native Method)
at java.base/jdk.internal.reflect.NativeConstructorAccessorImpl.newInstance(NativeConstructorAccessorImpl.java:77)
at java.base/jdk.internal.reflect.DelegatingConstructorAccessorImpl.newInstance(DelegatingConstructorAccessorImpl.java:45)
at java.base/java.lang.reflect.Constructor.newInstanceWithCaller(Constructor.java:499)
at java.base/java.lang.reflect.Constructor.newInstance(Constructor.java:480)
at org.openqa.selenium.remote.W3CHandshakeResponse.lambda$new$0(W3CHandshakeResponse.java:57)
at org.openqa.selenium.remote.W3CHandshakeResponse.lambda$getResponseFunction$2(W3CHandshakeResponse.java:104)
at org.openqa.selenium.remote.ProtocolHandshake.lambda$createSession$0(ProtocolHandshake.java:122)
at java.base/java.util.stream.ReferencePipeline$3$1.accept(ReferencePipeline.java:197)
at java.base/java.util.Spliterators$ArraySpliterator.tryAdvance(Spliterators.java:1002)
at java.base/java.util.stream.ReferencePipeline.forEachWithCancel(ReferencePipeline.java:129)
at java.base/java.util.stream.AbstractPipeline.copyIntoWithCancel(AbstractPipeline.java:527)
at java.base/java.util.stream.AbstractPipeline.copyInto(AbstractPipeline.java:513)
at java.base/java.util.stream.AbstractPipeline.wrapAndCopyInto(AbstractPipeline.java:499)
at java.base/java.util.stream.FindOps$FindOp.evaluateSequential(FindOps.java:150)
at java.base/java.util.stream.AbstractPipeline.evaluate(AbstractPipeline.java:234)
at java.base/java.util.stream.ReferencePipeline.findFirst(ReferencePipeline.java:647)
at org.openqa.selenium.remote.ProtocolHandshake.createSession(ProtocolHandshake.java:125)
at org.openqa.selenium.remote.ProtocolHandshake.createSession(ProtocolHandshake.java:73)
at org.openqa.selenium.remote.HttpCommandExecutor.execute(HttpCommandExecutor.java:136)
at org.openqa.selenium.remote.service.DriverCommandExecutor.execute(DriverCommandExecutor.java:83)
at org.openqa.selenium.remote.RemoteWebDriver.execute(RemoteWebDriver.java:548)
at org.openqa.selenium.remote.RemoteWebDriver.startSession(RemoteWebDriver.java:212)
at org.openqa.selenium.remote.RemoteWebDriver.<init>(RemoteWebDriver.java:130)
at org.openqa.selenium.edge.EdgeDriver.<init>(EdgeDriver.java:141)
at org.openqa.selenium.edge.EdgeDriver.<init>(EdgeDriver.java:96)
at com.sauceDemo.TestCLasses.BaseClass.setupUpMethod(BaseClass.java:41)
at java.base/jdk.internal.reflect.NativeMethodAccessorImpl.invoke0(Native Method)
at java.base/jdk.internal.reflect.NativeMethodAccessorImpl.invoke(NativeMethodAccessorImpl.java:77)
at java.base/jdk.internal.reflect.DelegatingMethodAccessorImpl.invoke(DelegatingMethodAccessorImpl.java:43)
at java.base/java.lang.reflect.Method.invoke(Method.java:568)
at org.testng.internal.MethodInvocationHelper.invokeMethod(MethodInvocationHelper.java:133)
at org.testng.internal.MethodInvocationHelper.invokeMethodConsideringTimeout(MethodInvocationHelper.java:62)
at org.testng.internal.ConfigInvoker.invokeConfigurationMethod(ConfigInvoker.java:385)
at org.testng.internal.ConfigInvoker.invokeConfigurations(ConfigInvoker.java:321)
at org.testng.internal.TestInvoker.runConfigMethods(TestInvoker.java:700)
at org.testng.internal.TestInvoker.invokeMethod(TestInvoker.java:527)
at org.testng.internal.TestInvoker.invokeTestMethod(TestInvoker.java:173)
at org.testng.internal.MethodRunner.runInSequence(MethodRunner.java:46)
at org.testng.internal.TestInvoker$MethodInvocationAgent.invoke(TestInvoker.java:824)
at org.testng.internal.TestInvoker.invokeTestMethods(TestInvoker.java:146)
at org.testng.internal.TestMethodWorker.invokeTestMethods(TestMethodWorker.java:146)
at org.testng.internal.TestMethodWorker.run(TestMethodWorker.java:128)
at java.base/java.util.ArrayList.forEach(ArrayList.java:1511)
at org.testng.TestRunner.privateRun(TestRunner.java:794)
at org.testng.TestRunner.run(TestRunner.java:596)
at org.testng.SuiteRunner.runTest(SuiteRunner.java:377)
at org.testng.SuiteRunner.runSequentially(SuiteRunner.java:371)
at org.testng.SuiteRunner.privateRun(SuiteRunner.java:332)
at org.testng.SuiteRunner.run(SuiteRunner.java:276)
at org.testng.SuiteRunnerWorker.runSuite(SuiteRunnerWorker.java:53)
at org.testng.SuiteRunnerWorker.run(SuiteRunnerWorker.java:96)
at org.testng.TestNG.runSuitesSequentially(TestNG.java:1212)
at org.testng.TestNG.runSuitesLocally(TestNG.java:1134)
at org.testng.TestNG.runSuites(TestNG.java:1063)
at org.testng.TestNG.run(TestNG.java:1031)
at org.testng.remote.AbstractRemoteTestNG.run(AbstractRemoteTestNG.java:115)
at org.testng.remote.RemoteTestNG.initAndRun(RemoteTestNG.java:251)
at org.testng.remote.RemoteTestNG.main(RemoteTestNG.java:77)
]]>
            </full-stacktrace>
          </exception> <!-- org.openqa.selenium.SessionNotCreatedException -->
          <reporter-output>
          </reporter-output>
        </test-method> <!-- setupUpMethod -->
        <test-method signature="Verifylogout()[pri:0, instance:com.sauceDemo.TestCLasses.TC02VerifyLogoutFunctionality@4738a206]" started-at="2022-04-15T18:34:27 IST" name="Verifylogout" finished-at="2022-04-15T18:34:27 IST" duration-ms="0" status="SKIP">
          <exception class="org.openqa.selenium.SessionNotCreatedException">
            <message>
              <![CDATA[session not created: This version of MSEdgeDriver only supports MSEdge version 98
Current browser version is 100.0.1185.39 with binary path C:\Program Files (x86)\Microsoft\Edge\Application\msedge.exe
Build info: version: '3.14.0', revision: 'aacccce0', time: '2018-08-02T20:19:58.91Z'
System info: host: 'DESKTOP-MGVC6GB', ip: '192.168.0.175', os.name: 'Windows 10', os.arch: 'amd64', os.version: '10.0', java.version: '17'
Driver info: driver.version: EdgeDriver
remote stacktrace: Backtrace:
Microsoft::Applications::Events::EventProperties::unpack [0x00007FF7CEE93A82+22610]
Microsoft::Applications::Events::time_ticks_t::time_ticks_t [0x00007FF7CEDD2352+503810]
Ordinal0 [0x00007FF7CE8D0FA5+659365]
Ordinal0 [0x00007FF7CE8FBB1C+834332]
Ordinal0 [0x00007FF7CE8F70FA+815354]
Ordinal0 [0x00007FF7CE8F2A72+797298]
Ordinal0 [0x00007FF7CE92C726+1034022]
Ordinal0 [0x00007FF7CE926E53+1011283]
Ordinal0 [0x00007FF7CE8FE0C7+843975]
Ordinal0 [0x00007FF7CE8FF598+849304]
Microsoft::Applications::Events::EventProperty::to_string [0x00007FF7CEA991B8+848488]
Microsoft::Applications::Events::EventProperty::EventProperty [0x00007FF7CEB8B17D+39117]
Microsoft::Applications::Events::EventProperty::EventProperty [0x00007FF7CEB8E3F2+52034]
Microsoft::Applications::Events::EventProperty::to_string [0x00007FF7CE9D0D56+28166]
Microsoft::Applications::Events::time_ticks_t::time_ticks_t [0x00007FF7CEDD8FE1+531601]
Microsoft::Applications::Events::time_ticks_t::time_ticks_t [0x00007FF7CEDDE4C4+553332]
Microsoft::Applications::Events::time_ticks_t::time_ticks_t [0x00007FF7CEDDE655+553733]
Microsoft::Applications::Events::EventProperty::to_string [0x00007FF7CEAA6C40+904432]
BaseThreadInitThunk [0x00007FFA66FA7C24+20]
RtlUserThreadStart [0x00007FFA671AD721+33]
]]>
            </message>
            <full-stacktrace>
              <![CDATA[org.openqa.selenium.SessionNotCreatedException: session not created: This version of MSEdgeDriver only supports MSEdge version 98
Current browser version is 100.0.1185.39 with binary path C:\Program Files (x86)\Microsoft\Edge\Application\msedge.exe
Build info: version: '3.14.0', revision: 'aacccce0', time: '2018-08-02T20:19:58.91Z'
System info: host: 'DESKTOP-MGVC6GB', ip: '192.168.0.175', os.name: 'Windows 10', os.arch: 'amd64', os.version: '10.0', java.version: '17'
Driver info: driver.version: EdgeDriver
remote stacktrace: Backtrace:
Microsoft::Applications::Events::EventProperties::unpack [0x00007FF7CEE93A82+22610]
Microsoft::Applications::Events::time_ticks_t::time_ticks_t [0x00007FF7CEDD2352+503810]
Ordinal0 [0x00007FF7CE8D0FA5+659365]
Ordinal0 [0x00007FF7CE8FBB1C+834332]
Ordinal0 [0x00007FF7CE8F70FA+815354]
Ordinal0 [0x00007FF7CE8F2A72+797298]
Ordinal0 [0x00007FF7CE92C726+1034022]
Ordinal0 [0x00007FF7CE926E53+1011283]
Ordinal0 [0x00007FF7CE8FE0C7+843975]
Ordinal0 [0x00007FF7CE8FF598+849304]
Microsoft::Applications::Events::EventProperty::to_string [0x00007FF7CEA991B8+848488]
Microsoft::Applications::Events::EventProperty::EventProperty [0x00007FF7CEB8B17D+39117]
Microsoft::Applications::Events::EventProperty::EventProperty [0x00007FF7CEB8E3F2+52034]
Microsoft::Applications::Events::EventProperty::to_string [0x00007FF7CE9D0D56+28166]
Microsoft::Applications::Events::time_ticks_t::time_ticks_t [0x00007FF7CEDD8FE1+531601]
Microsoft::Applications::Events::time_ticks_t::time_ticks_t [0x00007FF7CEDDE4C4+553332]
Microsoft::Applications::Events::time_ticks_t::time_ticks_t [0x00007FF7CEDDE655+553733]
Microsoft::Applications::Events::EventProperty::to_string [0x00007FF7CEAA6C40+904432]
BaseThreadInitThunk [0x00007FFA66FA7C24+20]
RtlUserThreadStart [0x00007FFA671AD721+33]

at java.base/jdk.internal.reflect.NativeConstructorAccessorImpl.newInstance0(Native Method)
at java.base/jdk.internal.reflect.NativeConstructorAccessorImpl.newInstance(NativeConstructorAccessorImpl.java:77)
at java.base/jdk.internal.reflect.DelegatingConstructorAccessorImpl.newInstance(DelegatingConstructorAccessorImpl.java:45)
at java.base/java.lang.reflect.Constructor.newInstanceWithCaller(Constructor.java:499)
at java.base/java.lang.reflect.Constructor.newInstance(Constructor.java:480)
at org.openqa.selenium.remote.W3CHandshakeResponse.lambda$new$0(W3CHandshakeResponse.java:57)
at org.openqa.selenium.remote.W3CHandshakeResponse.lambda$getResponseFunction$2(W3CHandshakeResponse.java:104)
at org.openqa.selenium.remote.ProtocolHandshake.lambda$createSession$0(ProtocolHandshake.java:122)
at java.base/java.util.stream.ReferencePipeline$3$1.accept(ReferencePipeline.java:197)
at java.base/java.util.Spliterators$ArraySpliterator.tryAdvance(Spliterators.java:1002)
at java.base/java.util.stream.ReferencePipeline.forEachWithCancel(ReferencePipeline.java:129)
at java.base/java.util.stream.AbstractPipeline.copyIntoWithCancel(AbstractPipeline.java:527)
at java.base/java.util.stream.AbstractPipeline.copyInto(AbstractPipeline.java:513)
at java.base/java.util.stream.AbstractPipeline.wrapAndCopyInto(AbstractPipeline.java:499)
at java.base/java.util.stream.FindOps$FindOp.evaluateSequential(FindOps.java:150)
at java.base/java.util.stream.AbstractPipeline.evaluate(AbstractPipeline.java:234)
at java.base/java.util.stream.ReferencePipeline.findFirst(ReferencePipeline.java:647)
at org.openqa.selenium.remote.ProtocolHandshake.createSession(ProtocolHandshake.java:125)
at org.openqa.selenium.remote.ProtocolHandshake.createSession(ProtocolHandshake.java:73)
at org.openqa.selenium.remote.HttpCommandExecutor.execute(HttpCommandExecutor.java:136)
at org.openqa.selenium.remote.service.DriverCommandExecutor.execute(DriverCommandExecutor.java:83)
at org.openqa.selenium.remote.RemoteWebDriver.execute(RemoteWebDriver.java:548)
at org.openqa.selenium.remote.RemoteWebDriver.startSession(RemoteWebDriver.java:212)
at org.openqa.selenium.remote.RemoteWebDriver.<init>(RemoteWebDriver.java:130)
at org.openqa.selenium.edge.EdgeDriver.<init>(EdgeDriver.java:141)
at org.openqa.selenium.edge.EdgeDriver.<init>(EdgeDriver.java:96)
at com.sauceDemo.TestCLasses.BaseClass.setupUpMethod(BaseClass.java:41)
at java.base/jdk.internal.reflect.NativeMethodAccessorImpl.invoke0(Native Method)
at java.base/jdk.internal.reflect.NativeMethodAccessorImpl.invoke(NativeMethodAccessorImpl.java:77)
at java.base/jdk.internal.reflect.DelegatingMethodAccessorImpl.invoke(DelegatingMethodAccessorImpl.java:43)
at java.base/java.lang.reflect.Method.invoke(Method.java:568)
at org.testng.internal.MethodInvocationHelper.invokeMethod(MethodInvocationHelper.java:133)
at org.testng.internal.MethodInvocationHelper.invokeMethodConsideringTimeout(MethodInvocationHelper.java:62)
at org.testng.internal.ConfigInvoker.invokeConfigurationMethod(ConfigInvoker.java:385)
at org.testng.internal.ConfigInvoker.invokeConfigurations(ConfigInvoker.java:321)
at org.testng.internal.TestInvoker.runConfigMethods(TestInvoker.java:700)
at org.testng.internal.TestInvoker.invokeMethod(TestInvoker.java:527)
at org.testng.internal.TestInvoker.invokeTestMethod(TestInvoker.java:173)
at org.testng.internal.MethodRunner.runInSequence(MethodRunner.java:46)
at org.testng.internal.TestInvoker$MethodInvocationAgent.invoke(TestInvoker.java:824)
at org.testng.internal.TestInvoker.invokeTestMethods(TestInvoker.java:146)
at org.testng.internal.TestMethodWorker.invokeTestMethods(TestMethodWorker.java:146)
at org.testng.internal.TestMethodWorker.run(TestMethodWorker.java:128)
at java.base/java.util.ArrayList.forEach(ArrayList.java:1511)
at org.testng.TestRunner.privateRun(TestRunner.java:794)
at org.testng.TestRunner.run(TestRunner.java:596)
at org.testng.SuiteRunner.runTest(SuiteRunner.java:377)
at org.testng.SuiteRunner.runSequentially(SuiteRunner.java:371)
at org.testng.SuiteRunner.privateRun(SuiteRunner.java:332)
at org.testng.SuiteRunner.run(SuiteRunner.java:276)
at org.testng.SuiteRunnerWorker.runSuite(SuiteRunnerWorker.java:53)
at org.testng.SuiteRunnerWorker.run(SuiteRunnerWorker.java:96)
at org.testng.TestNG.runSuitesSequentially(TestNG.java:1212)
at org.testng.TestNG.runSuitesLocally(TestNG.java:1134)
at org.testng.TestNG.runSuites(TestNG.java:1063)
at org.testng.TestNG.run(TestNG.java:1031)
at org.testng.remote.AbstractRemoteTestNG.run(AbstractRemoteTestNG.java:115)
at org.testng.remote.RemoteTestNG.initAndRun(RemoteTestNG.java:251)
at org.testng.remote.RemoteTestNG.main(RemoteTestNG.java:77)
]]>
            </full-stacktrace>
          </exception> <!-- org.openqa.selenium.SessionNotCreatedException -->
          <reporter-output>
          </reporter-output>
        </test-method> <!-- Verifylogout -->
        <test-method is-config="true" signature="logoutMethod()[pri:0, instance:com.sauceDemo.TestCLasses.TC02VerifyLogoutFunctionality@4738a206]" started-at="2022-04-15T18:34:27 IST" name="logoutMethod" finished-at="1970-01-01T05:30:00 IST" duration-ms="-1650027867416" status="SKIP">
          <reporter-output>
          </reporter-output>
        </test-method> <!-- logoutMethod -->
      </class> <!-- com.sauceDemo.TestCLasses.TC02VerifyLogoutFunctionality -->
      <class name="com.sauceDemo.TestCLasses.TC01VerifyLoginFunctioanlity">
        <test-method is-config="true" signature="setupUpMethod(java.lang.String)[pri:0, instance:com.sauceDemo.TestCLasses.TC01VerifyLoginFunctioanlity@614ca7df]" started-at="2022-04-15T18:33:41 IST" name="setupUpMethod" finished-at="2022-04-15T18:34:16 IST" duration-ms="35211" status="FAIL">
          <params>
            <param index="0">
              <value>
                <![CDATA[edge]]>
              </value>
            </param>
          </params>
          <exception class="org.openqa.selenium.SessionNotCreatedException">
            <message>
              <![CDATA[session not created: This version of MSEdgeDriver only supports MSEdge version 98
Current browser version is 100.0.1185.39 with binary path C:\Program Files (x86)\Microsoft\Edge\Application\msedge.exe
Build info: version: '3.14.0', revision: 'aacccce0', time: '2018-08-02T20:19:58.91Z'
System info: host: 'DESKTOP-MGVC6GB', ip: '192.168.0.175', os.name: 'Windows 10', os.arch: 'amd64', os.version: '10.0', java.version: '17'
Driver info: driver.version: EdgeDriver
remote stacktrace: Backtrace:
Microsoft::Applications::Events::EventProperties::unpack [0x00007FF7CEE93A82+22610]
Microsoft::Applications::Events::time_ticks_t::time_ticks_t [0x00007FF7CEDD2352+503810]
Ordinal0 [0x00007FF7CE8D0FA5+659365]
Ordinal0 [0x00007FF7CE8FBB1C+834332]
Ordinal0 [0x00007FF7CE8F70FA+815354]
Ordinal0 [0x00007FF7CE8F2A72+797298]
Ordinal0 [0x00007FF7CE92C726+1034022]
Ordinal0 [0x00007FF7CE926E53+1011283]
Ordinal0 [0x00007FF7CE8FE0C7+843975]
Ordinal0 [0x00007FF7CE8FF598+849304]
Microsoft::Applications::Events::EventProperty::to_string [0x00007FF7CEA991B8+848488]
Microsoft::Applications::Events::EventProperty::EventProperty [0x00007FF7CEB8B17D+39117]
Microsoft::Applications::Events::EventProperty::EventProperty [0x00007FF7CEB8E3F2+52034]
Microsoft::Applications::Events::EventProperty::to_string [0x00007FF7CE9D0D56+28166]
Microsoft::Applications::Events::time_ticks_t::time_ticks_t [0x00007FF7CEDD8FE1+531601]
Microsoft::Applications::Events::time_ticks_t::time_ticks_t [0x00007FF7CEDDE4C4+553332]
Microsoft::Applications::Events::time_ticks_t::time_ticks_t [0x00007FF7CEDDE655+553733]
Microsoft::Applications::Events::EventProperty::to_string [0x00007FF7CEAA6C40+904432]
BaseThreadInitThunk [0x00007FFA66FA7C24+20]
RtlUserThreadStart [0x00007FFA671AD721+33]
]]>
            </message>
            <full-stacktrace>
              <![CDATA[org.openqa.selenium.SessionNotCreatedException: session not created: This version of MSEdgeDriver only supports MSEdge version 98
Current browser version is 100.0.1185.39 with binary path C:\Program Files (x86)\Microsoft\Edge\Application\msedge.exe
Build info: version: '3.14.0', revision: 'aacccce0', time: '2018-08-02T20:19:58.91Z'
System info: host: 'DESKTOP-MGVC6GB', ip: '192.168.0.175', os.name: 'Windows 10', os.arch: 'amd64', os.version: '10.0', java.version: '17'
Driver info: driver.version: EdgeDriver
remote stacktrace: Backtrace:
Microsoft::Applications::Events::EventProperties::unpack [0x00007FF7CEE93A82+22610]
Microsoft::Applications::Events::time_ticks_t::time_ticks_t [0x00007FF7CEDD2352+503810]
Ordinal0 [0x00007FF7CE8D0FA5+659365]
Ordinal0 [0x00007FF7CE8FBB1C+834332]
Ordinal0 [0x00007FF7CE8F70FA+815354]
Ordinal0 [0x00007FF7CE8F2A72+797298]
Ordinal0 [0x00007FF7CE92C726+1034022]
Ordinal0 [0x00007FF7CE926E53+1011283]
Ordinal0 [0x00007FF7CE8FE0C7+843975]
Ordinal0 [0x00007FF7CE8FF598+849304]
Microsoft::Applications::Events::EventProperty::to_string [0x00007FF7CEA991B8+848488]
Microsoft::Applications::Events::EventProperty::EventProperty [0x00007FF7CEB8B17D+39117]
Microsoft::Applications::Events::EventProperty::EventProperty [0x00007FF7CEB8E3F2+52034]
Microsoft::Applications::Events::EventProperty::to_string [0x00007FF7CE9D0D56+28166]
Microsoft::Applications::Events::time_ticks_t::time_ticks_t [0x00007FF7CEDD8FE1+531601]
Microsoft::Applications::Events::time_ticks_t::time_ticks_t [0x00007FF7CEDDE4C4+553332]
Microsoft::Applications::Events::time_ticks_t::time_ticks_t [0x00007FF7CEDDE655+553733]
Microsoft::Applications::Events::EventProperty::to_string [0x00007FF7CEAA6C40+904432]
BaseThreadInitThunk [0x00007FFA66FA7C24+20]
RtlUserThreadStart [0x00007FFA671AD721+33]

at java.base/jdk.internal.reflect.NativeConstructorAccessorImpl.newInstance0(Native Method)
at java.base/jdk.internal.reflect.NativeConstructorAccessorImpl.newInstance(NativeConstructorAccessorImpl.java:77)
at java.base/jdk.internal.reflect.DelegatingConstructorAccessorImpl.newInstance(DelegatingConstructorAccessorImpl.java:45)
at java.base/java.lang.reflect.Constructor.newInstanceWithCaller(Constructor.java:499)
at java.base/java.lang.reflect.Constructor.newInstance(Constructor.java:480)
at org.openqa.selenium.remote.W3CHandshakeResponse.lambda$new$0(W3CHandshakeResponse.java:57)
at org.openqa.selenium.remote.W3CHandshakeResponse.lambda$getResponseFunction$2(W3CHandshakeResponse.java:104)
at org.openqa.selenium.remote.ProtocolHandshake.lambda$createSession$0(ProtocolHandshake.java:122)
at java.base/java.util.stream.ReferencePipeline$3$1.accept(ReferencePipeline.java:197)
at java.base/java.util.Spliterators$ArraySpliterator.tryAdvance(Spliterators.java:1002)
at java.base/java.util.stream.ReferencePipeline.forEachWithCancel(ReferencePipeline.java:129)
at java.base/java.util.stream.AbstractPipeline.copyIntoWithCancel(AbstractPipeline.java:527)
at java.base/java.util.stream.AbstractPipeline.copyInto(AbstractPipeline.java:513)
at java.base/java.util.stream.AbstractPipeline.wrapAndCopyInto(AbstractPipeline.java:499)
at java.base/java.util.stream.FindOps$FindOp.evaluateSequential(FindOps.java:150)
at java.base/java.util.stream.AbstractPipeline.evaluate(AbstractPipeline.java:234)
at java.base/java.util.stream.ReferencePipeline.findFirst(ReferencePipeline.java:647)
at org.openqa.selenium.remote.ProtocolHandshake.createSession(ProtocolHandshake.java:125)
at org.openqa.selenium.remote.ProtocolHandshake.createSession(ProtocolHandshake.java:73)
at org.openqa.selenium.remote.HttpCommandExecutor.execute(HttpCommandExecutor.java:136)
at org.openqa.selenium.remote.service.DriverCommandExecutor.execute(DriverCommandExecutor.java:83)
at org.openqa.selenium.remote.RemoteWebDriver.execute(RemoteWebDriver.java:548)
at org.openqa.selenium.remote.RemoteWebDriver.startSession(RemoteWebDriver.java:212)
at org.openqa.selenium.remote.RemoteWebDriver.<init>(RemoteWebDriver.java:130)
at org.openqa.selenium.edge.EdgeDriver.<init>(EdgeDriver.java:141)
at org.openqa.selenium.edge.EdgeDriver.<init>(EdgeDriver.java:96)
at com.sauceDemo.TestCLasses.BaseClass.setupUpMethod(BaseClass.java:41)
at java.base/jdk.internal.reflect.NativeMethodAccessorImpl.invoke0(Native Method)
at java.base/jdk.internal.reflect.NativeMethodAccessorImpl.invoke(NativeMethodAccessorImpl.java:77)
at java.base/jdk.internal.reflect.DelegatingMethodAccessorImpl.invoke(DelegatingMethodAccessorImpl.java:43)
at java.base/java.lang.reflect.Method.invoke(Method.java:568)
at org.testng.internal.MethodInvocationHelper.invokeMethod(MethodInvocationHelper.java:133)
at org.testng.internal.MethodInvocationHelper.invokeMethodConsideringTimeout(MethodInvocationHelper.java:62)
at org.testng.internal.ConfigInvoker.invokeConfigurationMethod(ConfigInvoker.java:385)
at org.testng.internal.ConfigInvoker.invokeConfigurations(ConfigInvoker.java:321)
at org.testng.internal.TestInvoker.runConfigMethods(TestInvoker.java:700)
at org.testng.internal.TestInvoker.invokeMethod(TestInvoker.java:527)
at org.testng.internal.TestInvoker.invokeTestMethod(TestInvoker.java:173)
at org.testng.internal.MethodRunner.runInSequence(MethodRunner.java:46)
at org.testng.internal.TestInvoker$MethodInvocationAgent.invoke(TestInvoker.java:824)
at org.testng.internal.TestInvoker.invokeTestMethods(TestInvoker.java:146)
at org.testng.internal.TestMethodWorker.invokeTestMethods(TestMethodWorker.java:146)
at org.testng.internal.TestMethodWorker.run(TestMethodWorker.java:128)
at java.base/java.util.ArrayList.forEach(ArrayList.java:1511)
at org.testng.TestRunner.privateRun(TestRunner.java:794)
at org.testng.TestRunner.run(TestRunner.java:596)
at org.testng.SuiteRunner.runTest(SuiteRunner.java:377)
at org.testng.SuiteRunner.runSequentially(SuiteRunner.java:371)
at org.testng.SuiteRunner.privateRun(SuiteRunner.java:332)
at org.testng.SuiteRunner.run(SuiteRunner.java:276)
at org.testng.SuiteRunnerWorker.runSuite(SuiteRunnerWorker.java:53)
at org.testng.SuiteRunnerWorker.run(SuiteRunnerWorker.java:96)
at org.testng.TestNG.runSuitesSequentially(TestNG.java:1212)
at org.testng.TestNG.runSuitesLocally(TestNG.java:1134)
at org.testng.TestNG.runSuites(TestNG.java:1063)
at org.testng.TestNG.run(TestNG.java:1031)
at org.testng.remote.AbstractRemoteTestNG.run(AbstractRemoteTestNG.java:115)
at org.testng.remote.RemoteTestNG.initAndRun(RemoteTestNG.java:251)
at org.testng.remote.RemoteTestNG.main(RemoteTestNG.java:77)
]]>
            </full-stacktrace>
          </exception> <!-- org.openqa.selenium.SessionNotCreatedException -->
          <reporter-output>
          </reporter-output>
        </test-method> <!-- setupUpMethod -->
        <test-method signature="checktitle()[pri:0, instance:com.sauceDemo.TestCLasses.TC01VerifyLoginFunctioanlity@614ca7df]" started-at="2022-04-15T18:34:16 IST" name="checktitle" finished-at="2022-04-15T18:34:16 IST" duration-ms="0" status="SKIP">
          <exception class="org.openqa.selenium.SessionNotCreatedException">
            <message>
              <![CDATA[session not created: This version of MSEdgeDriver only supports MSEdge version 98
Current browser version is 100.0.1185.39 with binary path C:\Program Files (x86)\Microsoft\Edge\Application\msedge.exe
Build info: version: '3.14.0', revision: 'aacccce0', time: '2018-08-02T20:19:58.91Z'
System info: host: 'DESKTOP-MGVC6GB', ip: '192.168.0.175', os.name: 'Windows 10', os.arch: 'amd64', os.version: '10.0', java.version: '17'
Driver info: driver.version: EdgeDriver
remote stacktrace: Backtrace:
Microsoft::Applications::Events::EventProperties::unpack [0x00007FF7CEE93A82+22610]
Microsoft::Applications::Events::time_ticks_t::time_ticks_t [0x00007FF7CEDD2352+503810]
Ordinal0 [0x00007FF7CE8D0FA5+659365]
Ordinal0 [0x00007FF7CE8FBB1C+834332]
Ordinal0 [0x00007FF7CE8F70FA+815354]
Ordinal0 [0x00007FF7CE8F2A72+797298]
Ordinal0 [0x00007FF7CE92C726+1034022]
Ordinal0 [0x00007FF7CE926E53+1011283]
Ordinal0 [0x00007FF7CE8FE0C7+843975]
Ordinal0 [0x00007FF7CE8FF598+849304]
Microsoft::Applications::Events::EventProperty::to_string [0x00007FF7CEA991B8+848488]
Microsoft::Applications::Events::EventProperty::EventProperty [0x00007FF7CEB8B17D+39117]
Microsoft::Applications::Events::EventProperty::EventProperty [0x00007FF7CEB8E3F2+52034]
Microsoft::Applications::Events::EventProperty::to_string [0x00007FF7CE9D0D56+28166]
Microsoft::Applications::Events::time_ticks_t::time_ticks_t [0x00007FF7CEDD8FE1+531601]
Microsoft::Applications::Events::time_ticks_t::time_ticks_t [0x00007FF7CEDDE4C4+553332]
Microsoft::Applications::Events::time_ticks_t::time_ticks_t [0x00007FF7CEDDE655+553733]
Microsoft::Applications::Events::EventProperty::to_string [0x00007FF7CEAA6C40+904432]
BaseThreadInitThunk [0x00007FFA66FA7C24+20]
RtlUserThreadStart [0x00007FFA671AD721+33]
]]>
            </message>
            <full-stacktrace>
              <![CDATA[org.openqa.selenium.SessionNotCreatedException: session not created: This version of MSEdgeDriver only supports MSEdge version 98
Current browser version is 100.0.1185.39 with binary path C:\Program Files (x86)\Microsoft\Edge\Application\msedge.exe
Build info: version: '3.14.0', revision: 'aacccce0', time: '2018-08-02T20:19:58.91Z'
System info: host: 'DESKTOP-MGVC6GB', ip: '192.168.0.175', os.name: 'Windows 10', os.arch: 'amd64', os.version: '10.0', java.version: '17'
Driver info: driver.version: EdgeDriver
remote stacktrace: Backtrace:
Microsoft::Applications::Events::EventProperties::unpack [0x00007FF7CEE93A82+22610]
Microsoft::Applications::Events::time_ticks_t::time_ticks_t [0x00007FF7CEDD2352+503810]
Ordinal0 [0x00007FF7CE8D0FA5+659365]
Ordinal0 [0x00007FF7CE8FBB1C+834332]
Ordinal0 [0x00007FF7CE8F70FA+815354]
Ordinal0 [0x00007FF7CE8F2A72+797298]
Ordinal0 [0x00007FF7CE92C726+1034022]
Ordinal0 [0x00007FF7CE926E53+1011283]
Ordinal0 [0x00007FF7CE8FE0C7+843975]
Ordinal0 [0x00007FF7CE8FF598+849304]
Microsoft::Applications::Events::EventProperty::to_string [0x00007FF7CEA991B8+848488]
Microsoft::Applications::Events::EventProperty::EventProperty [0x00007FF7CEB8B17D+39117]
Microsoft::Applications::Events::EventProperty::EventProperty [0x00007FF7CEB8E3F2+52034]
Microsoft::Applications::Events::EventProperty::to_string [0x00007FF7CE9D0D56+28166]
Microsoft::Applications::Events::time_ticks_t::time_ticks_t [0x00007FF7CEDD8FE1+531601]
Microsoft::Applications::Events::time_ticks_t::time_ticks_t [0x00007FF7CEDDE4C4+553332]
Microsoft::Applications::Events::time_ticks_t::time_ticks_t [0x00007FF7CEDDE655+553733]
Microsoft::Applications::Events::EventProperty::to_string [0x00007FF7CEAA6C40+904432]
BaseThreadInitThunk [0x00007FFA66FA7C24+20]
RtlUserThreadStart [0x00007FFA671AD721+33]

at java.base/jdk.internal.reflect.NativeConstructorAccessorImpl.newInstance0(Native Method)
at java.base/jdk.internal.reflect.NativeConstructorAccessorImpl.newInstance(NativeConstructorAccessorImpl.java:77)
at java.base/jdk.internal.reflect.DelegatingConstructorAccessorImpl.newInstance(DelegatingConstructorAccessorImpl.java:45)
at java.base/java.lang.reflect.Constructor.newInstanceWithCaller(Constructor.java:499)
at java.base/java.lang.reflect.Constructor.newInstance(Constructor.java:480)
at org.openqa.selenium.remote.W3CHandshakeResponse.lambda$new$0(W3CHandshakeResponse.java:57)
at org.openqa.selenium.remote.W3CHandshakeResponse.lambda$getResponseFunction$2(W3CHandshakeResponse.java:104)
at org.openqa.selenium.remote.ProtocolHandshake.lambda$createSession$0(ProtocolHandshake.java:122)
at java.base/java.util.stream.ReferencePipeline$3$1.accept(ReferencePipeline.java:197)
at java.base/java.util.Spliterators$ArraySpliterator.tryAdvance(Spliterators.java:1002)
at java.base/java.util.stream.ReferencePipeline.forEachWithCancel(ReferencePipeline.java:129)
at java.base/java.util.stream.AbstractPipeline.copyIntoWithCancel(AbstractPipeline.java:527)
at java.base/java.util.stream.AbstractPipeline.copyInto(AbstractPipeline.java:513)
at java.base/java.util.stream.AbstractPipeline.wrapAndCopyInto(AbstractPipeline.java:499)
at java.base/java.util.stream.FindOps$FindOp.evaluateSequential(FindOps.java:150)
at java.base/java.util.stream.AbstractPipeline.evaluate(AbstractPipeline.java:234)
at java.base/java.util.stream.ReferencePipeline.findFirst(ReferencePipeline.java:647)
at org.openqa.selenium.remote.ProtocolHandshake.createSession(ProtocolHandshake.java:125)
at org.openqa.selenium.remote.ProtocolHandshake.createSession(ProtocolHandshake.java:73)
at org.openqa.selenium.remote.HttpCommandExecutor.execute(HttpCommandExecutor.java:136)
at org.openqa.selenium.remote.service.DriverCommandExecutor.execute(DriverCommandExecutor.java:83)
at org.openqa.selenium.remote.RemoteWebDriver.execute(RemoteWebDriver.java:548)
at org.openqa.selenium.remote.RemoteWebDriver.startSession(RemoteWebDriver.java:212)
at org.openqa.selenium.remote.RemoteWebDriver.<init>(RemoteWebDriver.java:130)
at org.openqa.selenium.edge.EdgeDriver.<init>(EdgeDriver.java:141)
at org.openqa.selenium.edge.EdgeDriver.<init>(EdgeDriver.java:96)
at com.sauceDemo.TestCLasses.BaseClass.setupUpMethod(BaseClass.java:41)
at java.base/jdk.internal.reflect.NativeMethodAccessorImpl.invoke0(Native Method)
at java.base/jdk.internal.reflect.NativeMethodAccessorImpl.invoke(NativeMethodAccessorImpl.java:77)
at java.base/jdk.internal.reflect.DelegatingMethodAccessorImpl.invoke(DelegatingMethodAccessorImpl.java:43)
at java.base/java.lang.reflect.Method.invoke(Method.java:568)
at org.testng.internal.MethodInvocationHelper.invokeMethod(MethodInvocationHelper.java:133)
at org.testng.internal.MethodInvocationHelper.invokeMethodConsideringTimeout(MethodInvocationHelper.java:62)
at org.testng.internal.ConfigInvoker.invokeConfigurationMethod(ConfigInvoker.java:385)
at org.testng.internal.ConfigInvoker.invokeConfigurations(ConfigInvoker.java:321)
at org.testng.internal.TestInvoker.runConfigMethods(TestInvoker.java:700)
at org.testng.internal.TestInvoker.invokeMethod(TestInvoker.java:527)
at org.testng.internal.TestInvoker.invokeTestMethod(TestInvoker.java:173)
at org.testng.internal.MethodRunner.runInSequence(MethodRunner.java:46)
at org.testng.internal.TestInvoker$MethodInvocationAgent.invoke(TestInvoker.java:824)
at org.testng.internal.TestInvoker.invokeTestMethods(TestInvoker.java:146)
at org.testng.internal.TestMethodWorker.invokeTestMethods(TestMethodWorker.java:146)
at org.testng.internal.TestMethodWorker.run(TestMethodWorker.java:128)
at java.base/java.util.ArrayList.forEach(ArrayList.java:1511)
at org.testng.TestRunner.privateRun(TestRunner.java:794)
at org.testng.TestRunner.run(TestRunner.java:596)
at org.testng.SuiteRunner.runTest(SuiteRunner.java:377)
at org.testng.SuiteRunner.runSequentially(SuiteRunner.java:371)
at org.testng.SuiteRunner.privateRun(SuiteRunner.java:332)
at org.testng.SuiteRunner.run(SuiteRunner.java:276)
at org.testng.SuiteRunnerWorker.runSuite(SuiteRunnerWorker.java:53)
at org.testng.SuiteRunnerWorker.run(SuiteRunnerWorker.java:96)
at org.testng.TestNG.runSuitesSequentially(TestNG.java:1212)
at org.testng.TestNG.runSuitesLocally(TestNG.java:1134)
at org.testng.TestNG.runSuites(TestNG.java:1063)
at org.testng.TestNG.run(TestNG.java:1031)
at org.testng.remote.AbstractRemoteTestNG.run(AbstractRemoteTestNG.java:115)
at org.testng.remote.RemoteTestNG.initAndRun(RemoteTestNG.java:251)
at org.testng.remote.RemoteTestNG.main(RemoteTestNG.java:77)
]]>
            </full-stacktrace>
          </exception> <!-- org.openqa.selenium.SessionNotCreatedException -->
          <reporter-output>
          </reporter-output>
        </test-method> <!-- checktitle -->
        <test-method is-config="true" signature="logoutMethod()[pri:0, instance:com.sauceDemo.TestCLasses.TC01VerifyLoginFunctioanlity@614ca7df]" started-at="2022-04-15T18:34:17 IST" name="logoutMethod" finished-at="1970-01-01T05:30:00 IST" duration-ms="-1650027857004" status="SKIP">
          <reporter-output>
          </reporter-output>
        </test-method> <!-- logoutMethod -->
      </class> <!-- com.sauceDemo.TestCLasses.TC01VerifyLoginFunctioanlity -->
      <class name="com.sauceDemo.TestCLasses.TC03VerifyAddtoCartFunctionality">
        <test-method is-config="true" signature="setupUpMethod(java.lang.String)[pri:0, instance:com.sauceDemo.TestCLasses.TC03VerifyAddtoCartFunctionality@66d3eec0]" started-at="2022-04-15T18:34:27 IST" name="setupUpMethod" finished-at="2022-04-15T18:34:34 IST" duration-ms="7130" status="FAIL">
          <params>
            <param index="0">
              <value>
                <![CDATA[edge]]>
              </value>
            </param>
          </params>
          <exception class="org.openqa.selenium.SessionNotCreatedException">
            <message>
              <![CDATA[session not created: This version of MSEdgeDriver only supports MSEdge version 98
Current browser version is 100.0.1185.39 with binary path C:\Program Files (x86)\Microsoft\Edge\Application\msedge.exe
Build info: version: '3.14.0', revision: 'aacccce0', time: '2018-08-02T20:19:58.91Z'
System info: host: 'DESKTOP-MGVC6GB', ip: '192.168.0.175', os.name: 'Windows 10', os.arch: 'amd64', os.version: '10.0', java.version: '17'
Driver info: driver.version: EdgeDriver
remote stacktrace: Backtrace:
Microsoft::Applications::Events::EventProperties::unpack [0x00007FF7CEE93A82+22610]
Microsoft::Applications::Events::time_ticks_t::time_ticks_t [0x00007FF7CEDD2352+503810]
Ordinal0 [0x00007FF7CE8D0FA5+659365]
Ordinal0 [0x00007FF7CE8FBB1C+834332]
Ordinal0 [0x00007FF7CE8F70FA+815354]
Ordinal0 [0x00007FF7CE8F2A72+797298]
Ordinal0 [0x00007FF7CE92C726+1034022]
Ordinal0 [0x00007FF7CE926E53+1011283]
Ordinal0 [0x00007FF7CE8FE0C7+843975]
Ordinal0 [0x00007FF7CE8FF598+849304]
Microsoft::Applications::Events::EventProperty::to_string [0x00007FF7CEA991B8+848488]
Microsoft::Applications::Events::EventProperty::EventProperty [0x00007FF7CEB8B17D+39117]
Microsoft::Applications::Events::EventProperty::EventProperty [0x00007FF7CEB8E3F2+52034]
Microsoft::Applications::Events::EventProperty::to_string [0x00007FF7CE9D0D56+28166]
Microsoft::Applications::Events::time_ticks_t::time_ticks_t [0x00007FF7CEDD8FE1+531601]
Microsoft::Applications::Events::time_ticks_t::time_ticks_t [0x00007FF7CEDDE4C4+553332]
Microsoft::Applications::Events::time_ticks_t::time_ticks_t [0x00007FF7CEDDE655+553733]
Microsoft::Applications::Events::EventProperty::to_string [0x00007FF7CEAA6C40+904432]
BaseThreadInitThunk [0x00007FFA66FA7C24+20]
RtlUserThreadStart [0x00007FFA671AD721+33]
]]>
            </message>
            <full-stacktrace>
              <![CDATA[org.openqa.selenium.SessionNotCreatedException: session not created: This version of MSEdgeDriver only supports MSEdge version 98
Current browser version is 100.0.1185.39 with binary path C:\Program Files (x86)\Microsoft\Edge\Application\msedge.exe
Build info: version: '3.14.0', revision: 'aacccce0', time: '2018-08-02T20:19:58.91Z'
System info: host: 'DESKTOP-MGVC6GB', ip: '192.168.0.175', os.name: 'Windows 10', os.arch: 'amd64', os.version: '10.0', java.version: '17'
Driver info: driver.version: EdgeDriver
remote stacktrace: Backtrace:
Microsoft::Applications::Events::EventProperties::unpack [0x00007FF7CEE93A82+22610]
Microsoft::Applications::Events::time_ticks_t::time_ticks_t [0x00007FF7CEDD2352+503810]
Ordinal0 [0x00007FF7CE8D0FA5+659365]
Ordinal0 [0x00007FF7CE8FBB1C+834332]
Ordinal0 [0x00007FF7CE8F70FA+815354]
Ordinal0 [0x00007FF7CE8F2A72+797298]
Ordinal0 [0x00007FF7CE92C726+1034022]
Ordinal0 [0x00007FF7CE926E53+1011283]
Ordinal0 [0x00007FF7CE8FE0C7+843975]
Ordinal0 [0x00007FF7CE8FF598+849304]
Microsoft::Applications::Events::EventProperty::to_string [0x00007FF7CEA991B8+848488]
Microsoft::Applications::Events::EventProperty::EventProperty [0x00007FF7CEB8B17D+39117]
Microsoft::Applications::Events::EventProperty::EventProperty [0x00007FF7CEB8E3F2+52034]
Microsoft::Applications::Events::EventProperty::to_string [0x00007FF7CE9D0D56+28166]
Microsoft::Applications::Events::time_ticks_t::time_ticks_t [0x00007FF7CEDD8FE1+531601]
Microsoft::Applications::Events::time_ticks_t::time_ticks_t [0x00007FF7CEDDE4C4+553332]
Microsoft::Applications::Events::time_ticks_t::time_ticks_t [0x00007FF7CEDDE655+553733]
Microsoft::Applications::Events::EventProperty::to_string [0x00007FF7CEAA6C40+904432]
BaseThreadInitThunk [0x00007FFA66FA7C24+20]
RtlUserThreadStart [0x00007FFA671AD721+33]

at java.base/jdk.internal.reflect.NativeConstructorAccessorImpl.newInstance0(Native Method)
at java.base/jdk.internal.reflect.NativeConstructorAccessorImpl.newInstance(NativeConstructorAccessorImpl.java:77)
at java.base/jdk.internal.reflect.DelegatingConstructorAccessorImpl.newInstance(DelegatingConstructorAccessorImpl.java:45)
at java.base/java.lang.reflect.Constructor.newInstanceWithCaller(Constructor.java:499)
at java.base/java.lang.reflect.Constructor.newInstance(Constructor.java:480)
at org.openqa.selenium.remote.W3CHandshakeResponse.lambda$new$0(W3CHandshakeResponse.java:57)
at org.openqa.selenium.remote.W3CHandshakeResponse.lambda$getResponseFunction$2(W3CHandshakeResponse.java:104)
at org.openqa.selenium.remote.ProtocolHandshake.lambda$createSession$0(ProtocolHandshake.java:122)
at java.base/java.util.stream.ReferencePipeline$3$1.accept(ReferencePipeline.java:197)
at java.base/java.util.Spliterators$ArraySpliterator.tryAdvance(Spliterators.java:1002)
at java.base/java.util.stream.ReferencePipeline.forEachWithCancel(ReferencePipeline.java:129)
at java.base/java.util.stream.AbstractPipeline.copyIntoWithCancel(AbstractPipeline.java:527)
at java.base/java.util.stream.AbstractPipeline.copyInto(AbstractPipeline.java:513)
at java.base/java.util.stream.AbstractPipeline.wrapAndCopyInto(AbstractPipeline.java:499)
at java.base/java.util.stream.FindOps$FindOp.evaluateSequential(FindOps.java:150)
at java.base/java.util.stream.AbstractPipeline.evaluate(AbstractPipeline.java:234)
at java.base/java.util.stream.ReferencePipeline.findFirst(ReferencePipeline.java:647)
at org.openqa.selenium.remote.ProtocolHandshake.createSession(ProtocolHandshake.java:125)
at org.openqa.selenium.remote.ProtocolHandshake.createSession(ProtocolHandshake.java:73)
at org.openqa.selenium.remote.HttpCommandExecutor.execute(HttpCommandExecutor.java:136)
at org.openqa.selenium.remote.service.DriverCommandExecutor.execute(DriverCommandExecutor.java:83)
at org.openqa.selenium.remote.RemoteWebDriver.execute(RemoteWebDriver.java:548)
at org.openqa.selenium.remote.RemoteWebDriver.startSession(RemoteWebDriver.java:212)
at org.openqa.selenium.remote.RemoteWebDriver.<init>(RemoteWebDriver.java:130)
at org.openqa.selenium.edge.EdgeDriver.<init>(EdgeDriver.java:141)
at org.openqa.selenium.edge.EdgeDriver.<init>(EdgeDriver.java:96)
at com.sauceDemo.TestCLasses.BaseClass.setupUpMethod(BaseClass.java:41)
at java.base/jdk.internal.reflect.NativeMethodAccessorImpl.invoke0(Native Method)
at java.base/jdk.internal.reflect.NativeMethodAccessorImpl.invoke(NativeMethodAccessorImpl.java:77)
at java.base/jdk.internal.reflect.DelegatingMethodAccessorImpl.invoke(DelegatingMethodAccessorImpl.java:43)
at java.base/java.lang.reflect.Method.invoke(Method.java:568)
at org.testng.internal.MethodInvocationHelper.invokeMethod(MethodInvocationHelper.java:133)
at org.testng.internal.MethodInvocationHelper.invokeMethodConsideringTimeout(MethodInvocationHelper.java:62)
at org.testng.internal.ConfigInvoker.invokeConfigurationMethod(ConfigInvoker.java:385)
at org.testng.internal.ConfigInvoker.invokeConfigurations(ConfigInvoker.java:321)
at org.testng.internal.TestInvoker.runConfigMethods(TestInvoker.java:700)
at org.testng.internal.TestInvoker.invokeMethod(TestInvoker.java:527)
at org.testng.internal.TestInvoker.invokeTestMethod(TestInvoker.java:173)
at org.testng.internal.MethodRunner.runInSequence(MethodRunner.java:46)
at org.testng.internal.TestInvoker$MethodInvocationAgent.invoke(TestInvoker.java:824)
at org.testng.internal.TestInvoker.invokeTestMethods(TestInvoker.java:146)
at org.testng.internal.TestMethodWorker.invokeTestMethods(TestMethodWorker.java:146)
at org.testng.internal.TestMethodWorker.run(TestMethodWorker.java:128)
at java.base/java.util.ArrayList.forEach(ArrayList.java:1511)
at org.testng.TestRunner.privateRun(TestRunner.java:794)
at org.testng.TestRunner.run(TestRunner.java:596)
at org.testng.SuiteRunner.runTest(SuiteRunner.java:377)
at org.testng.SuiteRunner.runSequentially(SuiteRunner.java:371)
at org.testng.SuiteRunner.privateRun(SuiteRunner.java:332)
at org.testng.SuiteRunner.run(SuiteRunner.java:276)
at org.testng.SuiteRunnerWorker.runSuite(SuiteRunnerWorker.java:53)
at org.testng.SuiteRunnerWorker.run(SuiteRunnerWorker.java:96)
at org.testng.TestNG.runSuitesSequentially(TestNG.java:1212)
at org.testng.TestNG.runSuitesLocally(TestNG.java:1134)
at org.testng.TestNG.runSuites(TestNG.java:1063)
at org.testng.TestNG.run(TestNG.java:1031)
at org.testng.remote.AbstractRemoteTestNG.run(AbstractRemoteTestNG.java:115)
at org.testng.remote.RemoteTestNG.initAndRun(RemoteTestNG.java:251)
at org.testng.remote.RemoteTestNG.main(RemoteTestNG.java:77)
]]>
            </full-stacktrace>
          </exception> <!-- org.openqa.selenium.SessionNotCreatedException -->
          <reporter-output>
          </reporter-output>
        </test-method> <!-- setupUpMethod -->
        <test-method signature="verifyAddtocart()[pri:0, instance:com.sauceDemo.TestCLasses.TC03VerifyAddtoCartFunctionality@66d3eec0]" started-at="2022-04-15T18:34:34 IST" name="verifyAddtocart" finished-at="2022-04-15T18:34:34 IST" duration-ms="0" status="SKIP">
          <exception class="org.openqa.selenium.SessionNotCreatedException">
            <message>
              <![CDATA[session not created: This version of MSEdgeDriver only supports MSEdge version 98
Current browser version is 100.0.1185.39 with binary path C:\Program Files (x86)\Microsoft\Edge\Application\msedge.exe
Build info: version: '3.14.0', revision: 'aacccce0', time: '2018-08-02T20:19:58.91Z'
System info: host: 'DESKTOP-MGVC6GB', ip: '192.168.0.175', os.name: 'Windows 10', os.arch: 'amd64', os.version: '10.0', java.version: '17'
Driver info: driver.version: EdgeDriver
remote stacktrace: Backtrace:
Microsoft::Applications::Events::EventProperties::unpack [0x00007FF7CEE93A82+22610]
Microsoft::Applications::Events::time_ticks_t::time_ticks_t [0x00007FF7CEDD2352+503810]
Ordinal0 [0x00007FF7CE8D0FA5+659365]
Ordinal0 [0x00007FF7CE8FBB1C+834332]
Ordinal0 [0x00007FF7CE8F70FA+815354]
Ordinal0 [0x00007FF7CE8F2A72+797298]
Ordinal0 [0x00007FF7CE92C726+1034022]
Ordinal0 [0x00007FF7CE926E53+1011283]
Ordinal0 [0x00007FF7CE8FE0C7+843975]
Ordinal0 [0x00007FF7CE8FF598+849304]
Microsoft::Applications::Events::EventProperty::to_string [0x00007FF7CEA991B8+848488]
Microsoft::Applications::Events::EventProperty::EventProperty [0x00007FF7CEB8B17D+39117]
Microsoft::Applications::Events::EventProperty::EventProperty [0x00007FF7CEB8E3F2+52034]
Microsoft::Applications::Events::EventProperty::to_string [0x00007FF7CE9D0D56+28166]
Microsoft::Applications::Events::time_ticks_t::time_ticks_t [0x00007FF7CEDD8FE1+531601]
Microsoft::Applications::Events::time_ticks_t::time_ticks_t [0x00007FF7CEDDE4C4+553332]
Microsoft::Applications::Events::time_ticks_t::time_ticks_t [0x00007FF7CEDDE655+553733]
Microsoft::Applications::Events::EventProperty::to_string [0x00007FF7CEAA6C40+904432]
BaseThreadInitThunk [0x00007FFA66FA7C24+20]
RtlUserThreadStart [0x00007FFA671AD721+33]
]]>
            </message>
            <full-stacktrace>
              <![CDATA[org.openqa.selenium.SessionNotCreatedException: session not created: This version of MSEdgeDriver only supports MSEdge version 98
Current browser version is 100.0.1185.39 with binary path C:\Program Files (x86)\Microsoft\Edge\Application\msedge.exe
Build info: version: '3.14.0', revision: 'aacccce0', time: '2018-08-02T20:19:58.91Z'
System info: host: 'DESKTOP-MGVC6GB', ip: '192.168.0.175', os.name: 'Windows 10', os.arch: 'amd64', os.version: '10.0', java.version: '17'
Driver info: driver.version: EdgeDriver
remote stacktrace: Backtrace:
Microsoft::Applications::Events::EventProperties::unpack [0x00007FF7CEE93A82+22610]
Microsoft::Applications::Events::time_ticks_t::time_ticks_t [0x00007FF7CEDD2352+503810]
Ordinal0 [0x00007FF7CE8D0FA5+659365]
Ordinal0 [0x00007FF7CE8FBB1C+834332]
Ordinal0 [0x00007FF7CE8F70FA+815354]
Ordinal0 [0x00007FF7CE8F2A72+797298]
Ordinal0 [0x00007FF7CE92C726+1034022]
Ordinal0 [0x00007FF7CE926E53+1011283]
Ordinal0 [0x00007FF7CE8FE0C7+843975]
Ordinal0 [0x00007FF7CE8FF598+849304]
Microsoft::Applications::Events::EventProperty::to_string [0x00007FF7CEA991B8+848488]
Microsoft::Applications::Events::EventProperty::EventProperty [0x00007FF7CEB8B17D+39117]
Microsoft::Applications::Events::EventProperty::EventProperty [0x00007FF7CEB8E3F2+52034]
Microsoft::Applications::Events::EventProperty::to_string [0x00007FF7CE9D0D56+28166]
Microsoft::Applications::Events::time_ticks_t::time_ticks_t [0x00007FF7CEDD8FE1+531601]
Microsoft::Applications::Events::time_ticks_t::time_ticks_t [0x00007FF7CEDDE4C4+553332]
Microsoft::Applications::Events::time_ticks_t::time_ticks_t [0x00007FF7CEDDE655+553733]
Microsoft::Applications::Events::EventProperty::to_string [0x00007FF7CEAA6C40+904432]
BaseThreadInitThunk [0x00007FFA66FA7C24+20]
RtlUserThreadStart [0x00007FFA671AD721+33]

at java.base/jdk.internal.reflect.NativeConstructorAccessorImpl.newInstance0(Native Method)
at java.base/jdk.internal.reflect.NativeConstructorAccessorImpl.newInstance(NativeConstructorAccessorImpl.java:77)
at java.base/jdk.internal.reflect.DelegatingConstructorAccessorImpl.newInstance(DelegatingConstructorAccessorImpl.java:45)
at java.base/java.lang.reflect.Constructor.newInstanceWithCaller(Constructor.java:499)
at java.base/java.lang.reflect.Constructor.newInstance(Constructor.java:480)
at org.openqa.selenium.remote.W3CHandshakeResponse.lambda$new$0(W3CHandshakeResponse.java:57)
at org.openqa.selenium.remote.W3CHandshakeResponse.lambda$getResponseFunction$2(W3CHandshakeResponse.java:104)
at org.openqa.selenium.remote.ProtocolHandshake.lambda$createSession$0(ProtocolHandshake.java:122)
at java.base/java.util.stream.ReferencePipeline$3$1.accept(ReferencePipeline.java:197)
at java.base/java.util.Spliterators$ArraySpliterator.tryAdvance(Spliterators.java:1002)
at java.base/java.util.stream.ReferencePipeline.forEachWithCancel(ReferencePipeline.java:129)
at java.base/java.util.stream.AbstractPipeline.copyIntoWithCancel(AbstractPipeline.java:527)
at java.base/java.util.stream.AbstractPipeline.copyInto(AbstractPipeline.java:513)
at java.base/java.util.stream.AbstractPipeline.wrapAndCopyInto(AbstractPipeline.java:499)
at java.base/java.util.stream.FindOps$FindOp.evaluateSequential(FindOps.java:150)
at java.base/java.util.stream.AbstractPipeline.evaluate(AbstractPipeline.java:234)
at java.base/java.util.stream.ReferencePipeline.findFirst(ReferencePipeline.java:647)
at org.openqa.selenium.remote.ProtocolHandshake.createSession(ProtocolHandshake.java:125)
at org.openqa.selenium.remote.ProtocolHandshake.createSession(ProtocolHandshake.java:73)
at org.openqa.selenium.remote.HttpCommandExecutor.execute(HttpCommandExecutor.java:136)
at org.openqa.selenium.remote.service.DriverCommandExecutor.execute(DriverCommandExecutor.java:83)
at org.openqa.selenium.remote.RemoteWebDriver.execute(RemoteWebDriver.java:548)
at org.openqa.selenium.remote.RemoteWebDriver.startSession(RemoteWebDriver.java:212)
at org.openqa.selenium.remote.RemoteWebDriver.<init>(RemoteWebDriver.java:130)
at org.openqa.selenium.edge.EdgeDriver.<init>(EdgeDriver.java:141)
at org.openqa.selenium.edge.EdgeDriver.<init>(EdgeDriver.java:96)
at com.sauceDemo.TestCLasses.BaseClass.setupUpMethod(BaseClass.java:41)
at java.base/jdk.internal.reflect.NativeMethodAccessorImpl.invoke0(Native Method)
at java.base/jdk.internal.reflect.NativeMethodAccessorImpl.invoke(NativeMethodAccessorImpl.java:77)
at java.base/jdk.internal.reflect.DelegatingMethodAccessorImpl.invoke(DelegatingMethodAccessorImpl.java:43)
at java.base/java.lang.reflect.Method.invoke(Method.java:568)
at org.testng.internal.MethodInvocationHelper.invokeMethod(MethodInvocationHelper.java:133)
at org.testng.internal.MethodInvocationHelper.invokeMethodConsideringTimeout(MethodInvocationHelper.java:62)
at org.testng.internal.ConfigInvoker.invokeConfigurationMethod(ConfigInvoker.java:385)
at org.testng.internal.ConfigInvoker.invokeConfigurations(ConfigInvoker.java:321)
at org.testng.internal.TestInvoker.runConfigMethods(TestInvoker.java:700)
at org.testng.internal.TestInvoker.invokeMethod(TestInvoker.java:527)
at org.testng.internal.TestInvoker.invokeTestMethod(TestInvoker.java:173)
at org.testng.internal.MethodRunner.runInSequence(MethodRunner.java:46)
at org.testng.internal.TestInvoker$MethodInvocationAgent.invoke(TestInvoker.java:824)
at org.testng.internal.TestInvoker.invokeTestMethods(TestInvoker.java:146)
at org.testng.internal.TestMethodWorker.invokeTestMethods(TestMethodWorker.java:146)
at org.testng.internal.TestMethodWorker.run(TestMethodWorker.java:128)
at java.base/java.util.ArrayList.forEach(ArrayList.java:1511)
at org.testng.TestRunner.privateRun(TestRunner.java:794)
at org.testng.TestRunner.run(TestRunner.java:596)
at org.testng.SuiteRunner.runTest(SuiteRunner.java:377)
at org.testng.SuiteRunner.runSequentially(SuiteRunner.java:371)
at org.testng.SuiteRunner.privateRun(SuiteRunner.java:332)
at org.testng.SuiteRunner.run(SuiteRunner.java:276)
at org.testng.SuiteRunnerWorker.runSuite(SuiteRunnerWorker.java:53)
at org.testng.SuiteRunnerWorker.run(SuiteRunnerWorker.java:96)
at org.testng.TestNG.runSuitesSequentially(TestNG.java:1212)
at org.testng.TestNG.runSuitesLocally(TestNG.java:1134)
at org.testng.TestNG.runSuites(TestNG.java:1063)
at org.testng.TestNG.run(TestNG.java:1031)
at org.testng.remote.AbstractRemoteTestNG.run(AbstractRemoteTestNG.java:115)
at org.testng.remote.RemoteTestNG.initAndRun(RemoteTestNG.java:251)
at org.testng.remote.RemoteTestNG.main(RemoteTestNG.java:77)
]]>
            </full-stacktrace>
          </exception> <!-- org.openqa.selenium.SessionNotCreatedException -->
          <reporter-output>
          </reporter-output>
        </test-method> <!-- verifyAddtocart -->
        <test-method is-config="true" signature="logoutMethod()[pri:0, instance:com.sauceDemo.TestCLasses.TC03VerifyAddtoCartFunctionality@66d3eec0]" started-at="2022-04-15T18:34:34 IST" name="logoutMethod" finished-at="1970-01-01T05:30:00 IST" duration-ms="-1650027874622" status="SKIP">
          <reporter-output>
          </reporter-output>
        </test-method> <!-- logoutMethod -->
      </class> <!-- com.sauceDemo.TestCLasses.TC03VerifyAddtoCartFunctionality -->
    </test> <!-- edgeTest -->
  </suite> <!-- Suite -->
</testng-results>
