<?xml version="1.0" encoding="UTF-8"?>
<!-- Generated by org.testng.reporters.JUnitXMLReporter -->
<testsuite ignored="0" hostname="DESKTOP-MGVC6GB" failures="0" tests="3" name="Test" time="0.354" errors="0" timestamp="2022-04-15T18:32:12 IST">
  <testcase classname="com.sauceDemo.TestCLasses.BaseClass" name="@BeforeMethod setupUpMethod" time="-1.650027732043E9">
    <failure type="org.testng.TestNGException" message="
Parameter &amp;apos;browserName&amp;apos; is required by BeforeMethod on method setupUpMethod but has not been marked @Optional or defined
in C:\Users\DELL\eclipse-workspace\SauceDemo\testng.xmlCross\testng.xml">
      <![CDATA[org.testng.TestNGException: 
Parameter 'browserName' is required by BeforeMethod on method setupUpMethod but has not been marked @Optional or defined
in C:\Users\DELL\eclipse-workspace\SauceDemo\testng.xmlCross\testng.xml
at java.base/java.util.ArrayList.forEach(ArrayList.java:1511)
... Removed 28 stack frames]]>
    </failure>
  </testcase> <!-- @BeforeMethod setupUpMethod -->
  <testcase classname="com.sauceDemo.TestCLasses.BaseClass" name="@AfterMethod logoutMethod" time="-1.650027732142E9">
    <skipped/>
  </testcase> <!-- @AfterMethod logoutMethod -->
  <testcase classname="com.sauceDemo.TestCLasses.BaseClass" name="@BeforeMethod setupUpMethod" time="-1.650027732197E9">
    <failure type="org.testng.TestNGException" message="
Parameter &amp;apos;browserName&amp;apos; is required by BeforeMethod on method setupUpMethod but has not been marked @Optional or defined
in C:\Users\DELL\eclipse-workspace\SauceDemo\testng.xmlCross\testng.xml">
      <![CDATA[org.testng.TestNGException: 
Parameter 'browserName' is required by BeforeMethod on method setupUpMethod but has not been marked @Optional or defined
in C:\Users\DELL\eclipse-workspace\SauceDemo\testng.xmlCross\testng.xml
at java.base/java.util.ArrayList.forEach(ArrayList.java:1511)
... Removed 28 stack frames]]>
    </failure>
  </testcase> <!-- @BeforeMethod setupUpMethod -->
  <testcase classname="com.sauceDemo.TestCLasses.BaseClass" name="@AfterMethod logoutMethod" time="-1.650027732239E9">
    <skipped/>
  </testcase> <!-- @AfterMethod logoutMethod -->
  <testcase classname="com.sauceDemo.TestCLasses.BaseClass" name="@BeforeMethod setupUpMethod" time="-1.650027732254E9">
    <failure type="org.testng.TestNGException" message="
Parameter &amp;apos;browserName&amp;apos; is required by BeforeMethod on method setupUpMethod but has not been marked @Optional or defined
in C:\Users\DELL\eclipse-workspace\SauceDemo\testng.xmlCross\testng.xml">
      <![CDATA[org.testng.TestNGException: 
Parameter 'browserName' is required by BeforeMethod on method setupUpMethod but has not been marked @Optional or defined
in C:\Users\DELL\eclipse-workspace\SauceDemo\testng.xmlCross\testng.xml
at java.base/java.util.ArrayList.forEach(ArrayList.java:1511)
... Removed 28 stack frames]]>
    </failure>
  </testcase> <!-- @BeforeMethod setupUpMethod -->
  <testcase classname="com.sauceDemo.TestCLasses.BaseClass" name="@AfterMethod logoutMethod" time="-1.650027732289E9">
    <skipped/>
  </testcase> <!-- @AfterMethod logoutMethod -->
  <testcase classname="com.sauceDemo.TestCLasses.TC01VerifyLoginFunctioanlity" name="checktitle" time="0.0">
    <skipped/>
  </testcase> <!-- checktitle -->
  <testcase classname="com.sauceDemo.TestCLasses.TC02VerifyLogoutFunctionality" name="Verifylogout" time="0.0">
    <skipped/>
  </testcase> <!-- Verifylogout -->
  <testcase classname="com.sauceDemo.TestCLasses.TC03VerifyAddtoCartFunctionality" name="verifyAddtocart" time="0.0">
    <skipped/>
  </testcase> <!-- verifyAddtocart -->
</testsuite> <!-- Test -->
